mkdir -p build
arm-none-eabi-g++ -mthumb -mcpu=cortex-m3 -Os -ffunction-sections -fdata-sections -MMD -Wall -Wextra -Wshadow -fpermissive -I. -ICMSIS -I/home/space/FreeRTOS/FreeRTOS/Source/include -I/home/space/FreeRTOS/FreeRTOS/Source/portable/GCC/ARM_CM3 -I/home/space/FreeRTOS/FreeRTOS-Plus/Source/FreeRTOS-Plus-TCP/source/include/ -I/home/space/FreeRTOS/FreeRTOS-Plus/Demo/FreeRTOS_Plus_TCP_Echo_Qemu_mps2/evpp/ -I/home/space/FreeRTOS/FreeRTOS-Plus/Source/FreeRTOS-Plus-TCP/source/portable/NetworkInterface/MPS2_AN385/ether_lan9118 -I/home/space/FreeRTOS/FreeRTOS-Plus/Source/FreeRTOS-Plus-TCP/source/portable/Compiler/GCC -DHEAP3 -c startup.c -o build/startup.o
mkdir -p build
arm-none-eabi-g++ -mthumb -mcpu=cortex-m3 -Os -ffunction-sections -fdata-sections -MMD -Wall -Wextra -Wshadow -fpermissive -I. -ICMSIS -I/home/space/FreeRTOS/FreeRTOS/Source/include -I/home/space/FreeRTOS/FreeRTOS/Source/portable/GCC/ARM_CM3 -I/home/space/FreeRTOS/FreeRTOS-Plus/Source/FreeRTOS-Plus-TCP/source/include/ -I/home/space/FreeRTOS/FreeRTOS-Plus/Demo/FreeRTOS_Plus_TCP_Echo_Qemu_mps2/evpp/ -I/home/space/FreeRTOS/FreeRTOS-Plus/Source/FreeRTOS-Plus-TCP/source/portable/NetworkInterface/MPS2_AN385/ether_lan9118 -I/home/space/FreeRTOS/FreeRTOS-Plus/Source/FreeRTOS-Plus-TCP/source/portable/Compiler/GCC -DHEAP3 -c syscalls.c -o build/syscalls.o
mkdir -p build
arm-none-eabi-g++ -mthumb -mcpu=cortex-m3 -Os -ffunction-sections -fdata-sections -MMD -Wall -Wextra -Wshadow -fpermissive -I. -ICMSIS -I/home/space/FreeRTOS/FreeRTOS/Source/include -I/home/space/FreeRTOS/FreeRTOS/Source/portable/GCC/ARM_CM3 -I/home/space/FreeRTOS/FreeRTOS-Plus/Source/FreeRTOS-Plus-TCP/source/include/ -I/home/space/FreeRTOS/FreeRTOS-Plus/Demo/FreeRTOS_Plus_TCP_Echo_Qemu_mps2/evpp/ -I/home/space/FreeRTOS/FreeRTOS-Plus/Source/FreeRTOS-Plus-TCP/source/portable/NetworkInterface/MPS2_AN385/ether_lan9118 -I/home/space/FreeRTOS/FreeRTOS-Plus/Source/FreeRTOS-Plus-TCP/source/portable/Compiler/GCC -DHEAP3 -c main.c -o build/main.o
mkdir -p build
arm-none-eabi-g++ -mthumb -mcpu=cortex-m3 -Os -ffunction-sections -fdata-sections -MMD -Wall -Wextra -Wshadow -fpermissive -I. -ICMSIS -I/home/space/FreeRTOS/FreeRTOS/Source/include -I/home/space/FreeRTOS/FreeRTOS/Source/portable/GCC/ARM_CM3 -I/home/space/FreeRTOS/FreeRTOS-Plus/Source/FreeRTOS-Plus-TCP/source/include/ -I/home/space/FreeRTOS/FreeRTOS-Plus/Demo/FreeRTOS_Plus_TCP_Echo_Qemu_mps2/evpp/ -I/home/space/FreeRTOS/FreeRTOS-Plus/Source/FreeRTOS-Plus-TCP/source/portable/NetworkInterface/MPS2_AN385/ether_lan9118 -I/home/space/FreeRTOS/FreeRTOS-Plus/Source/FreeRTOS-Plus-TCP/source/portable/Compiler/GCC -DHEAP3 -c main_networking.c -o build/main_networking.o
mkdir -p build//home/space/FreeRTOS/FreeRTOS/Source
arm-none-eabi-g++ -mthumb -mcpu=cortex-m3 -Os -ffunction-sections -fdata-sections -MMD -Wall -Wextra -Wshadow -fpermissive -I. -ICMSIS -I/home/space/FreeRTOS/FreeRTOS/Source/include -I/home/space/FreeRTOS/FreeRTOS/Source/portable/GCC/ARM_CM3 -I/home/space/FreeRTOS/FreeRTOS-Plus/Source/FreeRTOS-Plus-TCP/source/include/ -I/home/space/FreeRTOS/FreeRTOS-Plus/Demo/FreeRTOS_Plus_TCP_Echo_Qemu_mps2/evpp/ -I/home/space/FreeRTOS/FreeRTOS-Plus/Source/FreeRTOS-Plus-TCP/source/portable/NetworkInterface/MPS2_AN385/ether_lan9118 -I/home/space/FreeRTOS/FreeRTOS-Plus/Source/FreeRTOS-Plus-TCP/source/portable/Compiler/GCC -DHEAP3 -c /home/space/FreeRTOS/FreeRTOS/Source/tasks.c -o build//home/space/FreeRTOS/FreeRTOS/Source/tasks.o
/home/space/FreeRTOS/FreeRTOS/Source/tasks.c: In function 'TCB_t* prvCreateTask(TaskFunction_t, const char*, StackType_t, void*, UBaseType_t, tskTaskControlBlock**)':
/home/space/FreeRTOS/FreeRTOS/Source/tasks.c:1672:40: warning: invalid conversion from 'void*' to 'StackType_t*' {aka 'long unsigned int*'} [-fpermissive]
 1672 |             pxStack = pvPortMallocStack( ( ( ( size_t ) uxStackDepth ) * sizeof( StackType_t ) ) );
In file included from /home/space/FreeRTOS/FreeRTOS/Source/include/task.h:37,
                 from /home/space/FreeRTOS/FreeRTOS/Source/tasks.c:40:
/home/space/FreeRTOS/FreeRTOS/Source/tasks.c: In function 'BaseType_t xTaskResumeAll()':
/home/space/FreeRTOS/FreeRTOS/Source/include/list.h:403:99: warning: invalid conversion from 'void*' to 'TCB_t*' {aka 'tskTaskControlBlock*'} [-fpermissive]
  403 | #define listGET_OWNER_OF_HEAD_ENTRY( pxList )            ( ( &( ( pxList )->xListEnd ) )->pxNext->pvOwner )
      |                                                          ~~~~~~~~~~~~~~~~~~~~~~~~~~~~~~~~~~~~~~~~~^~~~~~~~~
      |                                                                                                   |
      |                                                                                                   void*
/home/space/FreeRTOS/FreeRTOS/Source/tasks.c:4011:33: note: in expansion of macro 'listGET_OWNER_OF_HEAD_ENTRY'
 4011 |                         pxTCB = listGET_OWNER_OF_HEAD_ENTRY( ( &xPendingReadyList ) );
      |                                 ^~~~~~~~~~~~~~~~~~~~~~~~~~~
/home/space/FreeRTOS/FreeRTOS/Source/tasks.c: In function 'BaseType_t xTaskIncrementTick()':
/home/space/FreeRTOS/FreeRTOS/Source/include/list.h:403:99: warning: invalid conversion from 'void*' to 'TCB_t*' {aka 'tskTaskControlBlock*'} [-fpermissive]
  403 | #define listGET_OWNER_OF_HEAD_ENTRY( pxList )            ( ( &( ( pxList )->xListEnd ) )->pxNext->pvOwner )
      |                                                          ~~~~~~~~~~~~~~~~~~~~~~~~~~~~~~~~~~~~~~~~~^~~~~~~~~
      |                                                                                                   |
      |                                                                                                   void*
/home/space/FreeRTOS/FreeRTOS/Source/tasks.c:4749:29: note: in expansion of macro 'listGET_OWNER_OF_HEAD_ENTRY'
 4749 |                     pxTCB = listGET_OWNER_OF_HEAD_ENTRY( pxDelayedTaskList );
      |                             ^~~~~~~~~~~~~~~~~~~~~~~~~~~
/home/space/FreeRTOS/FreeRTOS/Source/tasks.c: In function 'void vTaskSwitchContext()':
/home/space/FreeRTOS/FreeRTOS/Source/include/list.h:296:47: warning: invalid conversion from 'void*' to 'TCB_t*' {aka 'tskTaskControlBlock*'} [-fpermissive]
  296 |         ( pxTCB ) = ( pxConstList )->pxIndex->pvOwner;                                         \
      |                     ~~~~~~~~~~~~~~~~~~~~~~~~~~^~~~~~~
      |                                               |
      |                                               void*
/home/space/FreeRTOS/FreeRTOS/Source/tasks.c:226:9: note: in expansion of macro 'listGET_OWNER_OF_NEXT_ENTRY'
  226 |         listGET_OWNER_OF_NEXT_ENTRY( pxCurrentTCB, &( pxReadyTasksLists[ uxTopPriority ] ) );   \
      |         ^~~~~~~~~~~~~~~~~~~~~~~~~~~
/home/space/FreeRTOS/FreeRTOS/Source/tasks.c:5126:13: note: in expansion of macro 'taskSELECT_HIGHEST_PRIORITY_TASK'
 5126 |             taskSELECT_HIGHEST_PRIORITY_TASK();
      |             ^~~~~~~~~~~~~~~~~~~~~~~~~~~~~~~~
/home/space/FreeRTOS/FreeRTOS/Source/tasks.c: In function 'BaseType_t xTaskRemoveFromEventList(const List_t*)':
/home/space/FreeRTOS/FreeRTOS/Source/include/list.h:403:99: warning: invalid conversion from 'void*' to 'TCB_t*' {aka 'tskTaskControlBlock*'} [-fpermissive]
  403 | #define listGET_OWNER_OF_HEAD_ENTRY( pxList )            ( ( &( ( pxList )->xListEnd ) )->pxNext->pvOwner )
      |                                                          ~~~~~~~~~~~~~~~~~~~~~~~~~~~~~~~~~~~~~~~~~^~~~~~~~~
      |                                                                                                   |
      |                                                                                                   void*
/home/space/FreeRTOS/FreeRTOS/Source/tasks.c:5376:22: note: in expansion of macro 'listGET_OWNER_OF_HEAD_ENTRY'
 5376 |     pxUnblockedTCB = listGET_OWNER_OF_HEAD_ENTRY( pxEventList );
      |                      ^~~~~~~~~~~~~~~~~~~~~~~~~~~
/home/space/FreeRTOS/FreeRTOS/Source/tasks.c: In function 'void vTaskRemoveFromUnorderedEventList(ListItem_t*, TickType_t)':
/home/space/FreeRTOS/FreeRTOS/Source/include/list.h:197:77: warning: invalid conversion from 'void*' to 'TCB_t*' {aka 'tskTaskControlBlock*'} [-fpermissive]
  197 | #define listGET_LIST_ITEM_OWNER( pxListItem )             ( ( pxListItem )->pvOwner )
      |                                                           ~~~~~~~~~~~~~~~~~~^~~~~~~~~
      |                                                                             |
      |                                                                             void*
/home/space/FreeRTOS/FreeRTOS/Source/tasks.c:5466:22: note: in expansion of macro 'listGET_LIST_ITEM_OWNER'
 5466 |     pxUnblockedTCB = listGET_LIST_ITEM_OWNER( pxEventListItem );
      |                      ^~~~~~~~~~~~~~~~~~~~~~~
/home/space/FreeRTOS/FreeRTOS/Source/tasks.c: In function 'void prvCheckTasksWaitingTermination()':
/home/space/FreeRTOS/FreeRTOS/Source/include/list.h:403:99: warning: invalid conversion from 'void*' to 'TCB_t*' {aka 'tskTaskControlBlock*'} [-fpermissive]
  403 | #define listGET_OWNER_OF_HEAD_ENTRY( pxList )            ( ( &( ( pxList )->xListEnd ) )->pxNext->pvOwner )
      |                                                          ~~~~~~~~~~~~~~~~~~~~~~~~~~~~~~~~~~~~~~~~~^~~~~~~~~
      |                                                                                                   |
      |                                                                                                   void*
/home/space/FreeRTOS/FreeRTOS/Source/tasks.c:6076:33: note: in expansion of macro 'listGET_OWNER_OF_HEAD_ENTRY'
 6076 |                         pxTCB = listGET_OWNER_OF_HEAD_ENTRY( ( &xTasksWaitingTermination ) );
      |                                 ^~~~~~~~~~~~~~~~~~~~~~~~~~~
/home/space/FreeRTOS/FreeRTOS/Source/tasks.c: In function 'UBaseType_t prvListTasksWithinSingleList(TaskStatus_t*, List_t*, eTaskState)':
/home/space/FreeRTOS/FreeRTOS/Source/include/list.h:197:77: warning: invalid conversion from 'void*' to 'TCB_t*' {aka 'tskTaskControlBlock*'} [-fpermissive]
  197 | #define listGET_LIST_ITEM_OWNER( pxListItem )             ( ( pxListItem )->pvOwner )
      |                                                           ~~~~~~~~~~~~~~~~~~^~~~~~~~~
      |                                                                             |
      |                                                                             void*
/home/space/FreeRTOS/FreeRTOS/Source/tasks.c:6301:25: note: in expansion of macro 'listGET_LIST_ITEM_OWNER'
 6301 |                 pxTCB = listGET_LIST_ITEM_OWNER( pxIterator );
      |                         ^~~~~~~~~~~~~~~~~~~~~~~
/home/space/FreeRTOS/FreeRTOS/Source/tasks.c: In function 'void vTaskListTasks(char*, size_t)':
/home/space/FreeRTOS/FreeRTOS/Source/tasks.c:7279:41: warning: invalid conversion from 'void*' to 'TaskStatus_t*' {aka 'xTASK_STATUS*'} [-fpermissive]
 7279 |         pxTaskStatusArray = pvPortMalloc( uxCurrentNumberOfTasks * sizeof( TaskStatus_t ) );
      |                             ~~~~~~~~~~~~^~~~~~~~~~~~~~~~~~~~~~~~~~~~~~~~~~~~~~~~~~~~~~~~~~~
      |                                         |
      |                                         void*
mkdir -p build//home/space/FreeRTOS/FreeRTOS/Source
arm-none-eabi-g++ -mthumb -mcpu=cortex-m3 -Os -ffunction-sections -fdata-sections -MMD -Wall -Wextra -Wshadow -fpermissive -I. -ICMSIS -I/home/space/FreeRTOS/FreeRTOS/Source/include -I/home/space/FreeRTOS/FreeRTOS/Source/portable/GCC/ARM_CM3 -I/home/space/FreeRTOS/FreeRTOS-Plus/Source/FreeRTOS-Plus-TCP/source/include/ -I/home/space/FreeRTOS/FreeRTOS-Plus/Demo/FreeRTOS_Plus_TCP_Echo_Qemu_mps2/evpp/ -I/home/space/FreeRTOS/FreeRTOS-Plus/Source/FreeRTOS-Plus-TCP/source/portable/NetworkInterface/MPS2_AN385/ether_lan9118 -I/home/space/FreeRTOS/FreeRTOS-Plus/Source/FreeRTOS-Plus-TCP/source/portable/Compiler/GCC -DHEAP3 -c /home/space/FreeRTOS/FreeRTOS/Source/list.c -o build//home/space/FreeRTOS/FreeRTOS/Source/list.o
mkdir -p build//home/space/FreeRTOS/FreeRTOS/Source
arm-none-eabi-g++ -mthumb -mcpu=cortex-m3 -Os -ffunction-sections -fdata-sections -MMD -Wall -Wextra -Wshadow -fpermissive -I. -ICMSIS -I/home/space/FreeRTOS/FreeRTOS/Source/include -I/home/space/FreeRTOS/FreeRTOS/Source/portable/GCC/ARM_CM3 -I/home/space/FreeRTOS/FreeRTOS-Plus/Source/FreeRTOS-Plus-TCP/source/include/ -I/home/space/FreeRTOS/FreeRTOS-Plus/Demo/FreeRTOS_Plus_TCP_Echo_Qemu_mps2/evpp/ -I/home/space/FreeRTOS/FreeRTOS-Plus/Source/FreeRTOS-Plus-TCP/source/portable/NetworkInterface/MPS2_AN385/ether_lan9118 -I/home/space/FreeRTOS/FreeRTOS-Plus/Source/FreeRTOS-Plus-TCP/source/portable/Compiler/GCC -DHEAP3 -c /home/space/FreeRTOS/FreeRTOS/Source/queue.c -o build//home/space/FreeRTOS/FreeRTOS/Source/queue.o
mkdir -p build//home/space/FreeRTOS/FreeRTOS/Source
arm-none-eabi-g++ -mthumb -mcpu=cortex-m3 -Os -ffunction-sections -fdata-sections -MMD -Wall -Wextra -Wshadow -fpermissive -I. -ICMSIS -I/home/space/FreeRTOS/FreeRTOS/Source/include -I/home/space/FreeRTOS/FreeRTOS/Source/portable/GCC/ARM_CM3 -I/home/space/FreeRTOS/FreeRTOS-Plus/Source/FreeRTOS-Plus-TCP/source/include/ -I/home/space/FreeRTOS/FreeRTOS-Plus/Demo/FreeRTOS_Plus_TCP_Echo_Qemu_mps2/evpp/ -I/home/space/FreeRTOS/FreeRTOS-Plus/Source/FreeRTOS-Plus-TCP/source/portable/NetworkInterface/MPS2_AN385/ether_lan9118 -I/home/space/FreeRTOS/FreeRTOS-Plus/Source/FreeRTOS-Plus-TCP/source/portable/Compiler/GCC -DHEAP3 -c /home/space/FreeRTOS/FreeRTOS/Source/event_groups.c -o build//home/space/FreeRTOS/FreeRTOS/Source/event_groups.o
/home/space/FreeRTOS/FreeRTOS/Source/event_groups.c: In function 'void vEventGroupSetBitsCallback(void*, uint32_t)':
/home/space/FreeRTOS/FreeRTOS/Source/event_groups.c:753:38: warning: invalid conversion from 'void*' to 'EventGroupHandle_t' {aka 'EventGroupDef_t*'} [-fpermissive]
  753 |         ( void ) xEventGroupSetBits( pvEventGroup, ( EventBits_t ) ulBitsToSet );
      |                                      ^~~~~~~~~~~~
      |                                      |
      |                                      void*
/home/space/FreeRTOS/FreeRTOS/Source/event_groups.c:547:56: note:   initializing argument 1 of 'EventBits_t xEventGroupSetBits(EventGroupHandle_t, EventBits_t)'
  547 |     EventBits_t xEventGroupSetBits( EventGroupHandle_t xEventGroup,
      |                                     ~~~~~~~~~~~~~~~~~~~^~~~~~~~~~~
/home/space/FreeRTOS/FreeRTOS/Source/event_groups.c: In function 'void vEventGroupClearBitsCallback(void*, uint32_t)':
/home/space/FreeRTOS/FreeRTOS/Source/event_groups.c:769:40: warning: invalid conversion from 'void*' to 'EventGroupHandle_t' {aka 'EventGroupDef_t*'} [-fpermissive]
  769 |         ( void ) xEventGroupClearBits( pvEventGroup, ( EventBits_t ) ulBitsToClear );
      |                                        ^~~~~~~~~~~~
      |                                        |
      |                                        void*
/home/space/FreeRTOS/FreeRTOS/Source/event_groups.c:472:58: note:   initializing argument 1 of 'EventBits_t xEventGroupClearBits(EventGroupHandle_t, EventBits_t)'
  472 |     EventBits_t xEventGroupClearBits( EventGroupHandle_t xEventGroup,
      |                                       ~~~~~~~~~~~~~~~~~~~^~~~~~~~~~~
mkdir -p build//home/space/FreeRTOS/FreeRTOS/Source/portable/GCC/ARM_CM3
arm-none-eabi-g++ -mthumb -mcpu=cortex-m3 -Os -ffunction-sections -fdata-sections -MMD -Wall -Wextra -Wshadow -fpermissive -I. -ICMSIS -I/home/space/FreeRTOS/FreeRTOS/Source/include -I/home/space/FreeRTOS/FreeRTOS/Source/portable/GCC/ARM_CM3 -I/home/space/FreeRTOS/FreeRTOS-Plus/Source/FreeRTOS-Plus-TCP/source/include/ -I/home/space/FreeRTOS/FreeRTOS-Plus/Demo/FreeRTOS_Plus_TCP_Echo_Qemu_mps2/evpp/ -I/home/space/FreeRTOS/FreeRTOS-Plus/Source/FreeRTOS-Plus-TCP/source/portable/NetworkInterface/MPS2_AN385/ether_lan9118 -I/home/space/FreeRTOS/FreeRTOS-Plus/Source/FreeRTOS-Plus-TCP/source/portable/Compiler/GCC -DHEAP3 -c /home/space/FreeRTOS/FreeRTOS/Source/portable/GCC/ARM_CM3/port.c -o build//home/space/FreeRTOS/FreeRTOS/Source/portable/GCC/ARM_CM3/port.o
/home/space/FreeRTOS/FreeRTOS/Source/portable/GCC/ARM_CM3/port.c:174:74: warning: type qualifiers ignored on cast result type [-Wignored-qualifiers]
  174 |     static const volatile uint8_t * const pcInterruptPriorityRegisters = ( const volatile uint8_t * const ) portNVIC_IP_REGISTERS_OFFSET_16;
      |                                                                          ^
/home/space/FreeRTOS/FreeRTOS/Source/portable/GCC/ARM_CM3/port.c: In function 'BaseType_t xPortStartScheduler()':
/home/space/FreeRTOS/FreeRTOS/Source/portable/GCC/ARM_CM3/port.c:309:65: warning: type qualifiers ignored on cast result type [-Wignored-qualifiers]
  309 |         volatile uint8_t * const pucFirstUserPriorityRegister = ( volatile uint8_t * const ) ( portNVIC_IP_REGISTERS_OFFSET_16 + portFIRST_USER_INTERRUPT_NUMBER );
      |                                                                 ^~~~~~~~~~~~~~~~~~~~~~~~~~~~~~~~~~~~~~~~~~~~~~~~~~~~~~~~~~~~~~~~~~~~~~~~~~~~~~~~~~~~~~~~~~~~~~~~~~
mkdir -p build//home/space/FreeRTOS/FreeRTOS/Source/portable/MemMang
arm-none-eabi-g++ -mthumb -mcpu=cortex-m3 -Os -ffunction-sections -fdata-sections -MMD -Wall -Wextra -Wshadow -fpermissive -I. -ICMSIS -I/home/space/FreeRTOS/FreeRTOS/Source/include -I/home/space/FreeRTOS/FreeRTOS/Source/portable/GCC/ARM_CM3 -I/home/space/FreeRTOS/FreeRTOS-Plus/Source/FreeRTOS-Plus-TCP/source/include/ -I/home/space/FreeRTOS/FreeRTOS-Plus/Demo/FreeRTOS_Plus_TCP_Echo_Qemu_mps2/evpp/ -I/home/space/FreeRTOS/FreeRTOS-Plus/Source/FreeRTOS-Plus-TCP/source/portable/NetworkInterface/MPS2_AN385/ether_lan9118 -I/home/space/FreeRTOS/FreeRTOS-Plus/Source/FreeRTOS-Plus-TCP/source/portable/Compiler/GCC -DHEAP3 -c /home/space/FreeRTOS/FreeRTOS/Source/portable/MemMang/heap_3.c -o build//home/space/FreeRTOS/FreeRTOS/Source/portable/MemMang/heap_3.o
mkdir -p build//home/space/FreeRTOS/FreeRTOS-Plus/Source/FreeRTOS-Plus-TCP/source
arm-none-eabi-g++ -mthumb -mcpu=cortex-m3 -Os -ffunction-sections -fdata-sections -MMD -Wall -Wextra -Wshadow -fpermissive -I. -ICMSIS -I/home/space/FreeRTOS/FreeRTOS/Source/include -I/home/space/FreeRTOS/FreeRTOS/Source/portable/GCC/ARM_CM3 -I/home/space/FreeRTOS/FreeRTOS-Plus/Source/FreeRTOS-Plus-TCP/source/include/ -I/home/space/FreeRTOS/FreeRTOS-Plus/Demo/FreeRTOS_Plus_TCP_Echo_Qemu_mps2/evpp/ -I/home/space/FreeRTOS/FreeRTOS-Plus/Source/FreeRTOS-Plus-TCP/source/portable/NetworkInterface/MPS2_AN385/ether_lan9118 -I/home/space/FreeRTOS/FreeRTOS-Plus/Source/FreeRTOS-Plus-TCP/source/portable/Compiler/GCC -DHEAP3 -c /home/space/FreeRTOS/FreeRTOS-Plus/Source/FreeRTOS-Plus-TCP/source/FreeRTOS_ARP.c -o build//home/space/FreeRTOS/FreeRTOS-Plus/Source/FreeRTOS-Plus-TCP/source/FreeRTOS_ARP.o
mkdir -p build//home/space/FreeRTOS/FreeRTOS-Plus/Source/FreeRTOS-Plus-TCP/source
arm-none-eabi-g++ -mthumb -mcpu=cortex-m3 -Os -ffunction-sections -fdata-sections -MMD -Wall -Wextra -Wshadow -fpermissive -I. -ICMSIS -I/home/space/FreeRTOS/FreeRTOS/Source/include -I/home/space/FreeRTOS/FreeRTOS/Source/portable/GCC/ARM_CM3 -I/home/space/FreeRTOS/FreeRTOS-Plus/Source/FreeRTOS-Plus-TCP/source/include/ -I/home/space/FreeRTOS/FreeRTOS-Plus/Demo/FreeRTOS_Plus_TCP_Echo_Qemu_mps2/evpp/ -I/home/space/FreeRTOS/FreeRTOS-Plus/Source/FreeRTOS-Plus-TCP/source/portable/NetworkInterface/MPS2_AN385/ether_lan9118 -I/home/space/FreeRTOS/FreeRTOS-Plus/Source/FreeRTOS-Plus-TCP/source/portable/Compiler/GCC -DHEAP3 -c /home/space/FreeRTOS/FreeRTOS-Plus/Source/FreeRTOS-Plus-TCP/source/FreeRTOS_BitConfig.c -o build//home/space/FreeRTOS/FreeRTOS-Plus/Source/FreeRTOS-Plus-TCP/source/FreeRTOS_BitConfig.o
mkdir -p build//home/space/FreeRTOS/FreeRTOS-Plus/Source/FreeRTOS-Plus-TCP/source
arm-none-eabi-g++ -mthumb -mcpu=cortex-m3 -Os -ffunction-sections -fdata-sections -MMD -Wall -Wextra -Wshadow -fpermissive -I. -ICMSIS -I/home/space/FreeRTOS/FreeRTOS/Source/include -I/home/space/FreeRTOS/FreeRTOS/Source/portable/GCC/ARM_CM3 -I/home/space/FreeRTOS/FreeRTOS-Plus/Source/FreeRTOS-Plus-TCP/source/include/ -I/home/space/FreeRTOS/FreeRTOS-Plus/Demo/FreeRTOS_Plus_TCP_Echo_Qemu_mps2/evpp/ -I/home/space/FreeRTOS/FreeRTOS-Plus/Source/FreeRTOS-Plus-TCP/source/portable/NetworkInterface/MPS2_AN385/ether_lan9118 -I/home/space/FreeRTOS/FreeRTOS-Plus/Source/FreeRTOS-Plus-TCP/source/portable/Compiler/GCC -DHEAP3 -c /home/space/FreeRTOS/FreeRTOS-Plus/Source/FreeRTOS-Plus-TCP/source/FreeRTOS_DHCP.c -o build//home/space/FreeRTOS/FreeRTOS-Plus/Source/FreeRTOS-Plus-TCP/source/FreeRTOS_DHCP.o
mkdir -p build//home/space/FreeRTOS/FreeRTOS-Plus/Source/FreeRTOS-Plus-TCP/source
arm-none-eabi-g++ -mthumb -mcpu=cortex-m3 -Os -ffunction-sections -fdata-sections -MMD -Wall -Wextra -Wshadow -fpermissive -I. -ICMSIS -I/home/space/FreeRTOS/FreeRTOS/Source/include -I/home/space/FreeRTOS/FreeRTOS/Source/portable/GCC/ARM_CM3 -I/home/space/FreeRTOS/FreeRTOS-Plus/Source/FreeRTOS-Plus-TCP/source/include/ -I/home/space/FreeRTOS/FreeRTOS-Plus/Demo/FreeRTOS_Plus_TCP_Echo_Qemu_mps2/evpp/ -I/home/space/FreeRTOS/FreeRTOS-Plus/Source/FreeRTOS-Plus-TCP/source/portable/NetworkInterface/MPS2_AN385/ether_lan9118 -I/home/space/FreeRTOS/FreeRTOS-Plus/Source/FreeRTOS-Plus-TCP/source/portable/Compiler/GCC -DHEAP3 -c /home/space/FreeRTOS/FreeRTOS-Plus/Source/FreeRTOS-Plus-TCP/source/FreeRTOS_DHCPv6.c -o build//home/space/FreeRTOS/FreeRTOS-Plus/Source/FreeRTOS-Plus-TCP/source/FreeRTOS_DHCPv6.o
mkdir -p build//home/space/FreeRTOS/FreeRTOS-Plus/Source/FreeRTOS-Plus-TCP/source
arm-none-eabi-g++ -mthumb -mcpu=cortex-m3 -Os -ffunction-sections -fdata-sections -MMD -Wall -Wextra -Wshadow -fpermissive -I. -ICMSIS -I/home/space/FreeRTOS/FreeRTOS/Source/include -I/home/space/FreeRTOS/FreeRTOS/Source/portable/GCC/ARM_CM3 -I/home/space/FreeRTOS/FreeRTOS-Plus/Source/FreeRTOS-Plus-TCP/source/include/ -I/home/space/FreeRTOS/FreeRTOS-Plus/Demo/FreeRTOS_Plus_TCP_Echo_Qemu_mps2/evpp/ -I/home/space/FreeRTOS/FreeRTOS-Plus/Source/FreeRTOS-Plus-TCP/source/portable/NetworkInterface/MPS2_AN385/ether_lan9118 -I/home/space/FreeRTOS/FreeRTOS-Plus/Source/FreeRTOS-Plus-TCP/source/portable/Compiler/GCC -DHEAP3 -c /home/space/FreeRTOS/FreeRTOS-Plus/Source/FreeRTOS-Plus-TCP/source/FreeRTOS_DNS.c -o build//home/space/FreeRTOS/FreeRTOS-Plus/Source/FreeRTOS-Plus-TCP/source/FreeRTOS_DNS.o
/home/space/FreeRTOS/FreeRTOS-Plus/Source/FreeRTOS-Plus-TCP/source/FreeRTOS_DNS.c: In function 'BaseType_t prvSendBuffer(const char*, TickType_t, Socket_t, BaseType_t, const freertos_sockaddr*)':
/home/space/FreeRTOS/FreeRTOS-Plus/Source/FreeRTOS-Plus-TCP/source/FreeRTOS_DNS.c:1133:41: warning: missing initializer for member 'xDNSBuffer::uxPayloadLength' [-Wmissing-field-initializers]
 1133 |         struct xDNSBuffer xDNSBuf = { 0 };
      |                                         ^
/home/space/FreeRTOS/FreeRTOS-Plus/Source/FreeRTOS-Plus-TCP/source/FreeRTOS_DNS.c: In function 'uint32_t prvGetHostByNameOp(const char*, TickType_t, Socket_t, freertos_addrinfo**, BaseType_t, TickType_t)':
/home/space/FreeRTOS/FreeRTOS-Plus/Source/FreeRTOS-Plus-TCP/source/FreeRTOS_DNS.c:1243:42: warning: missing initializer for member 'xDNSBuffer::uxPayloadLength' [-Wmissing-field-initializers]
 1243 |         DNSBuffer_t xReceiveBuffer = { 0 };
      |                                          ^
mkdir -p build//home/space/FreeRTOS/FreeRTOS-Plus/Source/FreeRTOS-Plus-TCP/source
arm-none-eabi-g++ -mthumb -mcpu=cortex-m3 -Os -ffunction-sections -fdata-sections -MMD -Wall -Wextra -Wshadow -fpermissive -I. -ICMSIS -I/home/space/FreeRTOS/FreeRTOS/Source/include -I/home/space/FreeRTOS/FreeRTOS/Source/portable/GCC/ARM_CM3 -I/home/space/FreeRTOS/FreeRTOS-Plus/Source/FreeRTOS-Plus-TCP/source/include/ -I/home/space/FreeRTOS/FreeRTOS-Plus/Demo/FreeRTOS_Plus_TCP_Echo_Qemu_mps2/evpp/ -I/home/space/FreeRTOS/FreeRTOS-Plus/Source/FreeRTOS-Plus-TCP/source/portable/NetworkInterface/MPS2_AN385/ether_lan9118 -I/home/space/FreeRTOS/FreeRTOS-Plus/Source/FreeRTOS-Plus-TCP/source/portable/Compiler/GCC -DHEAP3 -c /home/space/FreeRTOS/FreeRTOS-Plus/Source/FreeRTOS-Plus-TCP/source/FreeRTOS_DNS_Cache.c -o build//home/space/FreeRTOS/FreeRTOS-Plus/Source/FreeRTOS-Plus-TCP/source/FreeRTOS_DNS_Cache.o
mkdir -p build//home/space/FreeRTOS/FreeRTOS-Plus/Source/FreeRTOS-Plus-TCP/source
arm-none-eabi-g++ -mthumb -mcpu=cortex-m3 -Os -ffunction-sections -fdata-sections -MMD -Wall -Wextra -Wshadow -fpermissive -I. -ICMSIS -I/home/space/FreeRTOS/FreeRTOS/Source/include -I/home/space/FreeRTOS/FreeRTOS/Source/portable/GCC/ARM_CM3 -I/home/space/FreeRTOS/FreeRTOS-Plus/Source/FreeRTOS-Plus-TCP/source/include/ -I/home/space/FreeRTOS/FreeRTOS-Plus/Demo/FreeRTOS_Plus_TCP_Echo_Qemu_mps2/evpp/ -I/home/space/FreeRTOS/FreeRTOS-Plus/Source/FreeRTOS-Plus-TCP/source/portable/NetworkInterface/MPS2_AN385/ether_lan9118 -I/home/space/FreeRTOS/FreeRTOS-Plus/Source/FreeRTOS-Plus-TCP/source/portable/Compiler/GCC -DHEAP3 -c /home/space/FreeRTOS/FreeRTOS-Plus/Source/FreeRTOS-Plus-TCP/source/FreeRTOS_DNS_Callback.c -o build//home/space/FreeRTOS/FreeRTOS-Plus/Source/FreeRTOS-Plus-TCP/source/FreeRTOS_DNS_Callback.o
mkdir -p build//home/space/FreeRTOS/FreeRTOS-Plus/Source/FreeRTOS-Plus-TCP/source
arm-none-eabi-g++ -mthumb -mcpu=cortex-m3 -Os -ffunction-sections -fdata-sections -MMD -Wall -Wextra -Wshadow -fpermissive -I. -ICMSIS -I/home/space/FreeRTOS/FreeRTOS/Source/include -I/home/space/FreeRTOS/FreeRTOS/Source/portable/GCC/ARM_CM3 -I/home/space/FreeRTOS/FreeRTOS-Plus/Source/FreeRTOS-Plus-TCP/source/include/ -I/home/space/FreeRTOS/FreeRTOS-Plus/Demo/FreeRTOS_Plus_TCP_Echo_Qemu_mps2/evpp/ -I/home/space/FreeRTOS/FreeRTOS-Plus/Source/FreeRTOS-Plus-TCP/source/portable/NetworkInterface/MPS2_AN385/ether_lan9118 -I/home/space/FreeRTOS/FreeRTOS-Plus/Source/FreeRTOS-Plus-TCP/source/portable/Compiler/GCC -DHEAP3 -c /home/space/FreeRTOS/FreeRTOS-Plus/Source/FreeRTOS-Plus-TCP/source/FreeRTOS_DNS_Networking.c -o build//home/space/FreeRTOS/FreeRTOS-Plus/Source/FreeRTOS-Plus-TCP/source/FreeRTOS_DNS_Networking.o
mkdir -p build//home/space/FreeRTOS/FreeRTOS-Plus/Source/FreeRTOS-Plus-TCP/source
arm-none-eabi-g++ -mthumb -mcpu=cortex-m3 -Os -ffunction-sections -fdata-sections -MMD -Wall -Wextra -Wshadow -fpermissive -I. -ICMSIS -I/home/space/FreeRTOS/FreeRTOS/Source/include -I/home/space/FreeRTOS/FreeRTOS/Source/portable/GCC/ARM_CM3 -I/home/space/FreeRTOS/FreeRTOS-Plus/Source/FreeRTOS-Plus-TCP/source/include/ -I/home/space/FreeRTOS/FreeRTOS-Plus/Demo/FreeRTOS_Plus_TCP_Echo_Qemu_mps2/evpp/ -I/home/space/FreeRTOS/FreeRTOS-Plus/Source/FreeRTOS-Plus-TCP/source/portable/NetworkInterface/MPS2_AN385/ether_lan9118 -I/home/space/FreeRTOS/FreeRTOS-Plus/Source/FreeRTOS-Plus-TCP/source/portable/Compiler/GCC -DHEAP3 -c /home/space/FreeRTOS/FreeRTOS-Plus/Source/FreeRTOS-Plus-TCP/source/FreeRTOS_DNS_Parser.c -o build//home/space/FreeRTOS/FreeRTOS-Plus/Source/FreeRTOS-Plus-TCP/source/FreeRTOS_DNS_Parser.o
mkdir -p build//home/space/FreeRTOS/FreeRTOS-Plus/Source/FreeRTOS-Plus-TCP/source
arm-none-eabi-g++ -mthumb -mcpu=cortex-m3 -Os -ffunction-sections -fdata-sections -MMD -Wall -Wextra -Wshadow -fpermissive -I. -ICMSIS -I/home/space/FreeRTOS/FreeRTOS/Source/include -I/home/space/FreeRTOS/FreeRTOS/Source/portable/GCC/ARM_CM3 -I/home/space/FreeRTOS/FreeRTOS-Plus/Source/FreeRTOS-Plus-TCP/source/include/ -I/home/space/FreeRTOS/FreeRTOS-Plus/Demo/FreeRTOS_Plus_TCP_Echo_Qemu_mps2/evpp/ -I/home/space/FreeRTOS/FreeRTOS-Plus/Source/FreeRTOS-Plus-TCP/source/portable/NetworkInterface/MPS2_AN385/ether_lan9118 -I/home/space/FreeRTOS/FreeRTOS-Plus/Source/FreeRTOS-Plus-TCP/source/portable/Compiler/GCC -DHEAP3 -c /home/space/FreeRTOS/FreeRTOS-Plus/Source/FreeRTOS-Plus-TCP/source/FreeRTOS_ICMP.c -o build//home/space/FreeRTOS/FreeRTOS-Plus/Source/FreeRTOS-Plus-TCP/source/FreeRTOS_ICMP.o
mkdir -p build//home/space/FreeRTOS/FreeRTOS-Plus/Source/FreeRTOS-Plus-TCP/source
arm-none-eabi-g++ -mthumb -mcpu=cortex-m3 -Os -ffunction-sections -fdata-sections -MMD -Wall -Wextra -Wshadow -fpermissive -I. -ICMSIS -I/home/space/FreeRTOS/FreeRTOS/Source/include -I/home/space/FreeRTOS/FreeRTOS/Source/portable/GCC/ARM_CM3 -I/home/space/FreeRTOS/FreeRTOS-Plus/Source/FreeRTOS-Plus-TCP/source/include/ -I/home/space/FreeRTOS/FreeRTOS-Plus/Demo/FreeRTOS_Plus_TCP_Echo_Qemu_mps2/evpp/ -I/home/space/FreeRTOS/FreeRTOS-Plus/Source/FreeRTOS-Plus-TCP/source/portable/NetworkInterface/MPS2_AN385/ether_lan9118 -I/home/space/FreeRTOS/FreeRTOS-Plus/Source/FreeRTOS-Plus-TCP/source/portable/Compiler/GCC -DHEAP3 -c /home/space/FreeRTOS/FreeRTOS-Plus/Source/FreeRTOS-Plus-TCP/source/FreeRTOS_IP.c -o build//home/space/FreeRTOS/FreeRTOS-Plus/Source/FreeRTOS-Plus-TCP/source/FreeRTOS_IP.o
mkdir -p build//home/space/FreeRTOS/FreeRTOS-Plus/Source/FreeRTOS-Plus-TCP/source
arm-none-eabi-g++ -mthumb -mcpu=cortex-m3 -Os -ffunction-sections -fdata-sections -MMD -Wall -Wextra -Wshadow -fpermissive -I. -ICMSIS -I/home/space/FreeRTOS/FreeRTOS/Source/include -I/home/space/FreeRTOS/FreeRTOS/Source/portable/GCC/ARM_CM3 -I/home/space/FreeRTOS/FreeRTOS-Plus/Source/FreeRTOS-Plus-TCP/source/include/ -I/home/space/FreeRTOS/FreeRTOS-Plus/Demo/FreeRTOS_Plus_TCP_Echo_Qemu_mps2/evpp/ -I/home/space/FreeRTOS/FreeRTOS-Plus/Source/FreeRTOS-Plus-TCP/source/portable/NetworkInterface/MPS2_AN385/ether_lan9118 -I/home/space/FreeRTOS/FreeRTOS-Plus/Source/FreeRTOS-Plus-TCP/source/portable/Compiler/GCC -DHEAP3 -c /home/space/FreeRTOS/FreeRTOS-Plus/Source/FreeRTOS-Plus-TCP/source/FreeRTOS_IP_Timers.c -o build//home/space/FreeRTOS/FreeRTOS-Plus/Source/FreeRTOS-Plus-TCP/source/FreeRTOS_IP_Timers.o
mkdir -p build//home/space/FreeRTOS/FreeRTOS-Plus/Source/FreeRTOS-Plus-TCP/source
arm-none-eabi-g++ -mthumb -mcpu=cortex-m3 -Os -ffunction-sections -fdata-sections -MMD -Wall -Wextra -Wshadow -fpermissive -I. -ICMSIS -I/home/space/FreeRTOS/FreeRTOS/Source/include -I/home/space/FreeRTOS/FreeRTOS/Source/portable/GCC/ARM_CM3 -I/home/space/FreeRTOS/FreeRTOS-Plus/Source/FreeRTOS-Plus-TCP/source/include/ -I/home/space/FreeRTOS/FreeRTOS-Plus/Demo/FreeRTOS_Plus_TCP_Echo_Qemu_mps2/evpp/ -I/home/space/FreeRTOS/FreeRTOS-Plus/Source/FreeRTOS-Plus-TCP/source/portable/NetworkInterface/MPS2_AN385/ether_lan9118 -I/home/space/FreeRTOS/FreeRTOS-Plus/Source/FreeRTOS-Plus-TCP/source/portable/Compiler/GCC -DHEAP3 -c /home/space/FreeRTOS/FreeRTOS-Plus/Source/FreeRTOS-Plus-TCP/source/FreeRTOS_IP_Utils.c -o build//home/space/FreeRTOS/FreeRTOS-Plus/Source/FreeRTOS-Plus-TCP/source/FreeRTOS_IP_Utils.o
mkdir -p build//home/space/FreeRTOS/FreeRTOS-Plus/Source/FreeRTOS-Plus-TCP/source
arm-none-eabi-g++ -mthumb -mcpu=cortex-m3 -Os -ffunction-sections -fdata-sections -MMD -Wall -Wextra -Wshadow -fpermissive -I. -ICMSIS -I/home/space/FreeRTOS/FreeRTOS/Source/include -I/home/space/FreeRTOS/FreeRTOS/Source/portable/GCC/ARM_CM3 -I/home/space/FreeRTOS/FreeRTOS-Plus/Source/FreeRTOS-Plus-TCP/source/include/ -I/home/space/FreeRTOS/FreeRTOS-Plus/Demo/FreeRTOS_Plus_TCP_Echo_Qemu_mps2/evpp/ -I/home/space/FreeRTOS/FreeRTOS-Plus/Source/FreeRTOS-Plus-TCP/source/portable/NetworkInterface/MPS2_AN385/ether_lan9118 -I/home/space/FreeRTOS/FreeRTOS-Plus/Source/FreeRTOS-Plus-TCP/source/portable/Compiler/GCC -DHEAP3 -c /home/space/FreeRTOS/FreeRTOS-Plus/Source/FreeRTOS-Plus-TCP/source/FreeRTOS_IPv4.c -o build//home/space/FreeRTOS/FreeRTOS-Plus/Source/FreeRTOS-Plus-TCP/source/FreeRTOS_IPv4.o
/home/space/FreeRTOS/FreeRTOS-Plus/Source/FreeRTOS-Plus-TCP/source/FreeRTOS_IPv4.c: In function 'BaseType_t xCheckIPv4SizeFields(const void*, size_t)':
/home/space/FreeRTOS/FreeRTOS-Plus/Source/FreeRTOS-Plus-TCP/source/FreeRTOS_IPv4.c:85:49: warning: type qualifiers ignored on cast result type [-Wignored-qualifiers]
   85 |         const IPPacket_t * const pxIPPacket = ( ( const IPPacket_t * const ) pvEthernetBuffer );
      |                                                 ^~~~~~~~~~~~~~~~~~~~~~~~~~~~~~~~~~~~~~~~~~~~~
mkdir -p build//home/space/FreeRTOS/FreeRTOS-Plus/Source/FreeRTOS-Plus-TCP/source
arm-none-eabi-g++ -mthumb -mcpu=cortex-m3 -Os -ffunction-sections -fdata-sections -MMD -Wall -Wextra -Wshadow -fpermissive -I. -ICMSIS -I/home/space/FreeRTOS/FreeRTOS/Source/include -I/home/space/FreeRTOS/FreeRTOS/Source/portable/GCC/ARM_CM3 -I/home/space/FreeRTOS/FreeRTOS-Plus/Source/FreeRTOS-Plus-TCP/source/include/ -I/home/space/FreeRTOS/FreeRTOS-Plus/Demo/FreeRTOS_Plus_TCP_Echo_Qemu_mps2/evpp/ -I/home/space/FreeRTOS/FreeRTOS-Plus/Source/FreeRTOS-Plus-TCP/source/portable/NetworkInterface/MPS2_AN385/ether_lan9118 -I/home/space/FreeRTOS/FreeRTOS-Plus/Source/FreeRTOS-Plus-TCP/source/portable/Compiler/GCC -DHEAP3 -c /home/space/FreeRTOS/FreeRTOS-Plus/Source/FreeRTOS-Plus-TCP/source/FreeRTOS_IPv4_Sockets.c -o build//home/space/FreeRTOS/FreeRTOS-Plus/Source/FreeRTOS-Plus-TCP/source/FreeRTOS_IPv4_Sockets.o
mkdir -p build//home/space/FreeRTOS/FreeRTOS-Plus/Source/FreeRTOS-Plus-TCP/source
arm-none-eabi-g++ -mthumb -mcpu=cortex-m3 -Os -ffunction-sections -fdata-sections -MMD -Wall -Wextra -Wshadow -fpermissive -I. -ICMSIS -I/home/space/FreeRTOS/FreeRTOS/Source/include -I/home/space/FreeRTOS/FreeRTOS/Source/portable/GCC/ARM_CM3 -I/home/space/FreeRTOS/FreeRTOS-Plus/Source/FreeRTOS-Plus-TCP/source/include/ -I/home/space/FreeRTOS/FreeRTOS-Plus/Demo/FreeRTOS_Plus_TCP_Echo_Qemu_mps2/evpp/ -I/home/space/FreeRTOS/FreeRTOS-Plus/Source/FreeRTOS-Plus-TCP/source/portable/NetworkInterface/MPS2_AN385/ether_lan9118 -I/home/space/FreeRTOS/FreeRTOS-Plus/Source/FreeRTOS-Plus-TCP/source/portable/Compiler/GCC -DHEAP3 -c /home/space/FreeRTOS/FreeRTOS-Plus/Source/FreeRTOS-Plus-TCP/source/FreeRTOS_IPv4_Utils.c -o build//home/space/FreeRTOS/FreeRTOS-Plus/Source/FreeRTOS-Plus-TCP/source/FreeRTOS_IPv4_Utils.o
mkdir -p build//home/space/FreeRTOS/FreeRTOS-Plus/Source/FreeRTOS-Plus-TCP/source
arm-none-eabi-g++ -mthumb -mcpu=cortex-m3 -Os -ffunction-sections -fdata-sections -MMD -Wall -Wextra -Wshadow -fpermissive -I. -ICMSIS -I/home/space/FreeRTOS/FreeRTOS/Source/include -I/home/space/FreeRTOS/FreeRTOS/Source/portable/GCC/ARM_CM3 -I/home/space/FreeRTOS/FreeRTOS-Plus/Source/FreeRTOS-Plus-TCP/source/include/ -I/home/space/FreeRTOS/FreeRTOS-Plus/Demo/FreeRTOS_Plus_TCP_Echo_Qemu_mps2/evpp/ -I/home/space/FreeRTOS/FreeRTOS-Plus/Source/FreeRTOS-Plus-TCP/source/portable/NetworkInterface/MPS2_AN385/ether_lan9118 -I/home/space/FreeRTOS/FreeRTOS-Plus/Source/FreeRTOS-Plus-TCP/source/portable/Compiler/GCC -DHEAP3 -c /home/space/FreeRTOS/FreeRTOS-Plus/Source/FreeRTOS-Plus-TCP/source/FreeRTOS_IPv6.c -o build//home/space/FreeRTOS/FreeRTOS-Plus/Source/FreeRTOS-Plus-TCP/source/FreeRTOS_IPv6.o
/home/space/FreeRTOS/FreeRTOS-Plus/Source/FreeRTOS-Plus-TCP/source/FreeRTOS_IPv6.c: In function 'BaseType_t xCheckIPv6SizeFields(const void*, size_t)':
/home/space/FreeRTOS/FreeRTOS-Plus/Source/FreeRTOS-Plus-TCP/source/FreeRTOS_IPv6.c:102:51: warning: type qualifiers ignored on cast result type [-Wignored-qualifiers]
  102 |         const uint8_t * const pucEthernetBuffer = ( const uint8_t * const ) pvEthernetBuffer;
      |                                                   ^~~~~~~~~~~~~~~~~~~~~~~~~~~~~~~~~~~~~~~~~~
/home/space/FreeRTOS/FreeRTOS-Plus/Source/FreeRTOS-Plus-TCP/source/FreeRTOS_IPv6.c:106:54: warning: type qualifiers ignored on cast result type [-Wignored-qualifiers]
  106 |         const IPPacket_IPv6_t * const pxIPv6Packet = ( const IPPacket_IPv6_t * const ) pucEthernetBuffer;
      |                                                      ^~~~~~~~~~~~~~~~~~~~~~~~~~~~~~~~~~~~~~~~~~~~~~~~~~~
mkdir -p build//home/space/FreeRTOS/FreeRTOS-Plus/Source/FreeRTOS-Plus-TCP/source
arm-none-eabi-g++ -mthumb -mcpu=cortex-m3 -Os -ffunction-sections -fdata-sections -MMD -Wall -Wextra -Wshadow -fpermissive -I. -ICMSIS -I/home/space/FreeRTOS/FreeRTOS/Source/include -I/home/space/FreeRTOS/FreeRTOS/Source/portable/GCC/ARM_CM3 -I/home/space/FreeRTOS/FreeRTOS-Plus/Source/FreeRTOS-Plus-TCP/source/include/ -I/home/space/FreeRTOS/FreeRTOS-Plus/Demo/FreeRTOS_Plus_TCP_Echo_Qemu_mps2/evpp/ -I/home/space/FreeRTOS/FreeRTOS-Plus/Source/FreeRTOS-Plus-TCP/source/portable/NetworkInterface/MPS2_AN385/ether_lan9118 -I/home/space/FreeRTOS/FreeRTOS-Plus/Source/FreeRTOS-Plus-TCP/source/portable/Compiler/GCC -DHEAP3 -c /home/space/FreeRTOS/FreeRTOS-Plus/Source/FreeRTOS-Plus-TCP/source/FreeRTOS_IPv6_Sockets.c -o build//home/space/FreeRTOS/FreeRTOS-Plus/Source/FreeRTOS-Plus-TCP/source/FreeRTOS_IPv6_Sockets.o
/home/space/FreeRTOS/FreeRTOS-Plus/Source/FreeRTOS-Plus-TCP/source/FreeRTOS_IPv6_Sockets.c: In function 'const char* FreeRTOS_inet_ntop6(const void*, char*, uint32_t)':
/home/space/FreeRTOS/FreeRTOS-Plus/Source/FreeRTOS-Plus-TCP/source/FreeRTOS_IPv6_Sockets.c:407:23: warning: invalid conversion from 'const void*' to 'const uint16_t*' {aka 'const short unsigned int*'} [-fpermissive]
  407 |     xSet.pusAddress = pvSource;
      |                       ^~~~~~~~
      |                       |
      |                       const void*
/home/space/FreeRTOS/FreeRTOS-Plus/Source/FreeRTOS-Plus-TCP/source/FreeRTOS_IPv6_Sockets.c: In function 'BaseType_t FreeRTOS_inet_pton6(const char*, void*)':
/home/space/FreeRTOS/FreeRTOS-Plus/Source/FreeRTOS-Plus-TCP/source/FreeRTOS_IPv6_Sockets.c:576:22: warning: invalid conversion from 'void*' to 'uint8_t*' {aka 'unsigned char*'} [-fpermissive]
  576 |     xSet.pucTarget = pvDestination;
      |                      ^~~~~~~~~~~~~
      |                      |
      |                      void*
mkdir -p build//home/space/FreeRTOS/FreeRTOS-Plus/Source/FreeRTOS-Plus-TCP/source
arm-none-eabi-g++ -mthumb -mcpu=cortex-m3 -Os -ffunction-sections -fdata-sections -MMD -Wall -Wextra -Wshadow -fpermissive -I. -ICMSIS -I/home/space/FreeRTOS/FreeRTOS/Source/include -I/home/space/FreeRTOS/FreeRTOS/Source/portable/GCC/ARM_CM3 -I/home/space/FreeRTOS/FreeRTOS-Plus/Source/FreeRTOS-Plus-TCP/source/include/ -I/home/space/FreeRTOS/FreeRTOS-Plus/Demo/FreeRTOS_Plus_TCP_Echo_Qemu_mps2/evpp/ -I/home/space/FreeRTOS/FreeRTOS-Plus/Source/FreeRTOS-Plus-TCP/source/portable/NetworkInterface/MPS2_AN385/ether_lan9118 -I/home/space/FreeRTOS/FreeRTOS-Plus/Source/FreeRTOS-Plus-TCP/source/portable/Compiler/GCC -DHEAP3 -c /home/space/FreeRTOS/FreeRTOS-Plus/Source/FreeRTOS-Plus-TCP/source/FreeRTOS_IPv6_Utils.c -o build//home/space/FreeRTOS/FreeRTOS-Plus/Source/FreeRTOS-Plus-TCP/source/FreeRTOS_IPv6_Utils.o
mkdir -p build//home/space/FreeRTOS/FreeRTOS-Plus/Source/FreeRTOS-Plus-TCP/source
arm-none-eabi-g++ -mthumb -mcpu=cortex-m3 -Os -ffunction-sections -fdata-sections -MMD -Wall -Wextra -Wshadow -fpermissive -I. -ICMSIS -I/home/space/FreeRTOS/FreeRTOS/Source/include -I/home/space/FreeRTOS/FreeRTOS/Source/portable/GCC/ARM_CM3 -I/home/space/FreeRTOS/FreeRTOS-Plus/Source/FreeRTOS-Plus-TCP/source/include/ -I/home/space/FreeRTOS/FreeRTOS-Plus/Demo/FreeRTOS_Plus_TCP_Echo_Qemu_mps2/evpp/ -I/home/space/FreeRTOS/FreeRTOS-Plus/Source/FreeRTOS-Plus-TCP/source/portable/NetworkInterface/MPS2_AN385/ether_lan9118 -I/home/space/FreeRTOS/FreeRTOS-Plus/Source/FreeRTOS-Plus-TCP/source/portable/Compiler/GCC -DHEAP3 -c /home/space/FreeRTOS/FreeRTOS-Plus/Source/FreeRTOS-Plus-TCP/source/FreeRTOS_ND.c -o build//home/space/FreeRTOS/FreeRTOS-Plus/Source/FreeRTOS-Plus-TCP/source/FreeRTOS_ND.o
mkdir -p build//home/space/FreeRTOS/FreeRTOS-Plus/Source/FreeRTOS-Plus-TCP/source
arm-none-eabi-g++ -mthumb -mcpu=cortex-m3 -Os -ffunction-sections -fdata-sections -MMD -Wall -Wextra -Wshadow -fpermissive -I. -ICMSIS -I/home/space/FreeRTOS/FreeRTOS/Source/include -I/home/space/FreeRTOS/FreeRTOS/Source/portable/GCC/ARM_CM3 -I/home/space/FreeRTOS/FreeRTOS-Plus/Source/FreeRTOS-Plus-TCP/source/include/ -I/home/space/FreeRTOS/FreeRTOS-Plus/Demo/FreeRTOS_Plus_TCP_Echo_Qemu_mps2/evpp/ -I/home/space/FreeRTOS/FreeRTOS-Plus/Source/FreeRTOS-Plus-TCP/source/portable/NetworkInterface/MPS2_AN385/ether_lan9118 -I/home/space/FreeRTOS/FreeRTOS-Plus/Source/FreeRTOS-Plus-TCP/source/portable/Compiler/GCC -DHEAP3 -c /home/space/FreeRTOS/FreeRTOS-Plus/Source/FreeRTOS-Plus-TCP/source/FreeRTOS_RA.c -o build//home/space/FreeRTOS/FreeRTOS-Plus/Source/FreeRTOS-Plus-TCP/source/FreeRTOS_RA.o
mkdir -p build//home/space/FreeRTOS/FreeRTOS-Plus/Source/FreeRTOS-Plus-TCP/source
arm-none-eabi-g++ -mthumb -mcpu=cortex-m3 -Os -ffunction-sections -fdata-sections -MMD -Wall -Wextra -Wshadow -fpermissive -I. -ICMSIS -I/home/space/FreeRTOS/FreeRTOS/Source/include -I/home/space/FreeRTOS/FreeRTOS/Source/portable/GCC/ARM_CM3 -I/home/space/FreeRTOS/FreeRTOS-Plus/Source/FreeRTOS-Plus-TCP/source/include/ -I/home/space/FreeRTOS/FreeRTOS-Plus/Demo/FreeRTOS_Plus_TCP_Echo_Qemu_mps2/evpp/ -I/home/space/FreeRTOS/FreeRTOS-Plus/Source/FreeRTOS-Plus-TCP/source/portable/NetworkInterface/MPS2_AN385/ether_lan9118 -I/home/space/FreeRTOS/FreeRTOS-Plus/Source/FreeRTOS-Plus-TCP/source/portable/Compiler/GCC -DHEAP3 -c /home/space/FreeRTOS/FreeRTOS-Plus/Source/FreeRTOS-Plus-TCP/source/FreeRTOS_Routing.c -o build//home/space/FreeRTOS/FreeRTOS-Plus/Source/FreeRTOS-Plus-TCP/source/FreeRTOS_Routing.o
mkdir -p build//home/space/FreeRTOS/FreeRTOS-Plus/Source/FreeRTOS-Plus-TCP/source
arm-none-eabi-g++ -mthumb -mcpu=cortex-m3 -Os -ffunction-sections -fdata-sections -MMD -Wall -Wextra -Wshadow -fpermissive -I. -ICMSIS -I/home/space/FreeRTOS/FreeRTOS/Source/include -I/home/space/FreeRTOS/FreeRTOS/Source/portable/GCC/ARM_CM3 -I/home/space/FreeRTOS/FreeRTOS-Plus/Source/FreeRTOS-Plus-TCP/source/include/ -I/home/space/FreeRTOS/FreeRTOS-Plus/Demo/FreeRTOS_Plus_TCP_Echo_Qemu_mps2/evpp/ -I/home/space/FreeRTOS/FreeRTOS-Plus/Source/FreeRTOS-Plus-TCP/source/portable/NetworkInterface/MPS2_AN385/ether_lan9118 -I/home/space/FreeRTOS/FreeRTOS-Plus/Source/FreeRTOS-Plus-TCP/source/portable/Compiler/GCC -DHEAP3 -c /home/space/FreeRTOS/FreeRTOS-Plus/Source/FreeRTOS-Plus-TCP/source/FreeRTOS_Sockets.c -o build//home/space/FreeRTOS/FreeRTOS-Plus/Source/FreeRTOS-Plus-TCP/source/FreeRTOS_Sockets.o
mkdir -p build//home/space/FreeRTOS/FreeRTOS-Plus/Source/FreeRTOS-Plus-TCP/source
arm-none-eabi-g++ -mthumb -mcpu=cortex-m3 -Os -ffunction-sections -fdata-sections -MMD -Wall -Wextra -Wshadow -fpermissive -I. -ICMSIS -I/home/space/FreeRTOS/FreeRTOS/Source/include -I/home/space/FreeRTOS/FreeRTOS/Source/portable/GCC/ARM_CM3 -I/home/space/FreeRTOS/FreeRTOS-Plus/Source/FreeRTOS-Plus-TCP/source/include/ -I/home/space/FreeRTOS/FreeRTOS-Plus/Demo/FreeRTOS_Plus_TCP_Echo_Qemu_mps2/evpp/ -I/home/space/FreeRTOS/FreeRTOS-Plus/Source/FreeRTOS-Plus-TCP/source/portable/NetworkInterface/MPS2_AN385/ether_lan9118 -I/home/space/FreeRTOS/FreeRTOS-Plus/Source/FreeRTOS-Plus-TCP/source/portable/Compiler/GCC -DHEAP3 -c /home/space/FreeRTOS/FreeRTOS-Plus/Source/FreeRTOS-Plus-TCP/source/FreeRTOS_Stream_Buffer.c -o build//home/space/FreeRTOS/FreeRTOS-Plus/Source/FreeRTOS-Plus-TCP/source/FreeRTOS_Stream_Buffer.o
mkdir -p build//home/space/FreeRTOS/FreeRTOS-Plus/Source/FreeRTOS-Plus-TCP/source
arm-none-eabi-g++ -mthumb -mcpu=cortex-m3 -Os -ffunction-sections -fdata-sections -MMD -Wall -Wextra -Wshadow -fpermissive -I. -ICMSIS -I/home/space/FreeRTOS/FreeRTOS/Source/include -I/home/space/FreeRTOS/FreeRTOS/Source/portable/GCC/ARM_CM3 -I/home/space/FreeRTOS/FreeRTOS-Plus/Source/FreeRTOS-Plus-TCP/source/include/ -I/home/space/FreeRTOS/FreeRTOS-Plus/Demo/FreeRTOS_Plus_TCP_Echo_Qemu_mps2/evpp/ -I/home/space/FreeRTOS/FreeRTOS-Plus/Source/FreeRTOS-Plus-TCP/source/portable/NetworkInterface/MPS2_AN385/ether_lan9118 -I/home/space/FreeRTOS/FreeRTOS-Plus/Source/FreeRTOS-Plus-TCP/source/portable/Compiler/GCC -DHEAP3 -c /home/space/FreeRTOS/FreeRTOS-Plus/Source/FreeRTOS-Plus-TCP/source/FreeRTOS_TCP_IP.c -o build//home/space/FreeRTOS/FreeRTOS-Plus/Source/FreeRTOS-Plus-TCP/source/FreeRTOS_TCP_IP.o
mkdir -p build//home/space/FreeRTOS/FreeRTOS-Plus/Source/FreeRTOS-Plus-TCP/source
arm-none-eabi-g++ -mthumb -mcpu=cortex-m3 -Os -ffunction-sections -fdata-sections -MMD -Wall -Wextra -Wshadow -fpermissive -I. -ICMSIS -I/home/space/FreeRTOS/FreeRTOS/Source/include -I/home/space/FreeRTOS/FreeRTOS/Source/portable/GCC/ARM_CM3 -I/home/space/FreeRTOS/FreeRTOS-Plus/Source/FreeRTOS-Plus-TCP/source/include/ -I/home/space/FreeRTOS/FreeRTOS-Plus/Demo/FreeRTOS_Plus_TCP_Echo_Qemu_mps2/evpp/ -I/home/space/FreeRTOS/FreeRTOS-Plus/Source/FreeRTOS-Plus-TCP/source/portable/NetworkInterface/MPS2_AN385/ether_lan9118 -I/home/space/FreeRTOS/FreeRTOS-Plus/Source/FreeRTOS-Plus-TCP/source/portable/Compiler/GCC -DHEAP3 -c /home/space/FreeRTOS/FreeRTOS-Plus/Source/FreeRTOS-Plus-TCP/source/FreeRTOS_TCP_IP_IPv4.c -o build//home/space/FreeRTOS/FreeRTOS-Plus/Source/FreeRTOS-Plus-TCP/source/FreeRTOS_TCP_IP_IPv4.o
mkdir -p build//home/space/FreeRTOS/FreeRTOS-Plus/Source/FreeRTOS-Plus-TCP/source
arm-none-eabi-g++ -mthumb -mcpu=cortex-m3 -Os -ffunction-sections -fdata-sections -MMD -Wall -Wextra -Wshadow -fpermissive -I. -ICMSIS -I/home/space/FreeRTOS/FreeRTOS/Source/include -I/home/space/FreeRTOS/FreeRTOS/Source/portable/GCC/ARM_CM3 -I/home/space/FreeRTOS/FreeRTOS-Plus/Source/FreeRTOS-Plus-TCP/source/include/ -I/home/space/FreeRTOS/FreeRTOS-Plus/Demo/FreeRTOS_Plus_TCP_Echo_Qemu_mps2/evpp/ -I/home/space/FreeRTOS/FreeRTOS-Plus/Source/FreeRTOS-Plus-TCP/source/portable/NetworkInterface/MPS2_AN385/ether_lan9118 -I/home/space/FreeRTOS/FreeRTOS-Plus/Source/FreeRTOS-Plus-TCP/source/portable/Compiler/GCC -DHEAP3 -c /home/space/FreeRTOS/FreeRTOS-Plus/Source/FreeRTOS-Plus-TCP/source/FreeRTOS_TCP_IP_IPv6.c -o build//home/space/FreeRTOS/FreeRTOS-Plus/Source/FreeRTOS-Plus-TCP/source/FreeRTOS_TCP_IP_IPv6.o
mkdir -p build//home/space/FreeRTOS/FreeRTOS-Plus/Source/FreeRTOS-Plus-TCP/source
arm-none-eabi-g++ -mthumb -mcpu=cortex-m3 -Os -ffunction-sections -fdata-sections -MMD -Wall -Wextra -Wshadow -fpermissive -I. -ICMSIS -I/home/space/FreeRTOS/FreeRTOS/Source/include -I/home/space/FreeRTOS/FreeRTOS/Source/portable/GCC/ARM_CM3 -I/home/space/FreeRTOS/FreeRTOS-Plus/Source/FreeRTOS-Plus-TCP/source/include/ -I/home/space/FreeRTOS/FreeRTOS-Plus/Demo/FreeRTOS_Plus_TCP_Echo_Qemu_mps2/evpp/ -I/home/space/FreeRTOS/FreeRTOS-Plus/Source/FreeRTOS-Plus-TCP/source/portable/NetworkInterface/MPS2_AN385/ether_lan9118 -I/home/space/FreeRTOS/FreeRTOS-Plus/Source/FreeRTOS-Plus-TCP/source/portable/Compiler/GCC -DHEAP3 -c /home/space/FreeRTOS/FreeRTOS-Plus/Source/FreeRTOS-Plus-TCP/source/FreeRTOS_TCP_Reception.c -o build//home/space/FreeRTOS/FreeRTOS-Plus/Source/FreeRTOS-Plus-TCP/source/FreeRTOS_TCP_Reception.o
mkdir -p build//home/space/FreeRTOS/FreeRTOS-Plus/Source/FreeRTOS-Plus-TCP/source
arm-none-eabi-g++ -mthumb -mcpu=cortex-m3 -Os -ffunction-sections -fdata-sections -MMD -Wall -Wextra -Wshadow -fpermissive -I. -ICMSIS -I/home/space/FreeRTOS/FreeRTOS/Source/include -I/home/space/FreeRTOS/FreeRTOS/Source/portable/GCC/ARM_CM3 -I/home/space/FreeRTOS/FreeRTOS-Plus/Source/FreeRTOS-Plus-TCP/source/include/ -I/home/space/FreeRTOS/FreeRTOS-Plus/Demo/FreeRTOS_Plus_TCP_Echo_Qemu_mps2/evpp/ -I/home/space/FreeRTOS/FreeRTOS-Plus/Source/FreeRTOS-Plus-TCP/source/portable/NetworkInterface/MPS2_AN385/ether_lan9118 -I/home/space/FreeRTOS/FreeRTOS-Plus/Source/FreeRTOS-Plus-TCP/source/portable/Compiler/GCC -DHEAP3 -c /home/space/FreeRTOS/FreeRTOS-Plus/Source/FreeRTOS-Plus-TCP/source/FreeRTOS_TCP_State_Handling.c -o build//home/space/FreeRTOS/FreeRTOS-Plus/Source/FreeRTOS-Plus-TCP/source/FreeRTOS_TCP_State_Handling.o
/home/space/FreeRTOS/FreeRTOS-Plus/Source/FreeRTOS-Plus-TCP/source/FreeRTOS_TCP_State_Handling.c: In function 'BaseType_t prvTCPHandleState(FreeRTOS_Socket_t*, NetworkBufferDescriptor_t**)':
/home/space/FreeRTOS/FreeRTOS-Plus/Source/FreeRTOS-Plus-TCP/source/FreeRTOS_TCP_State_Handling.c:841:46: warning: format '%d' expects argument of type 'int', but argument 2 has type 'BaseType_t' {aka 'long int'} [-Wformat=]
  841 |                     printf("In SYN_RECEIVED %d\n", xSendLength);
      |                                             ~^     ~~~~~~~~~~~
      |                                              |     |
      |                                              int   BaseType_t {aka long int}
      |                                             %ld
mkdir -p build//home/space/FreeRTOS/FreeRTOS-Plus/Source/FreeRTOS-Plus-TCP/source
arm-none-eabi-g++ -mthumb -mcpu=cortex-m3 -Os -ffunction-sections -fdata-sections -MMD -Wall -Wextra -Wshadow -fpermissive -I. -ICMSIS -I/home/space/FreeRTOS/FreeRTOS/Source/include -I/home/space/FreeRTOS/FreeRTOS/Source/portable/GCC/ARM_CM3 -I/home/space/FreeRTOS/FreeRTOS-Plus/Source/FreeRTOS-Plus-TCP/source/include/ -I/home/space/FreeRTOS/FreeRTOS-Plus/Demo/FreeRTOS_Plus_TCP_Echo_Qemu_mps2/evpp/ -I/home/space/FreeRTOS/FreeRTOS-Plus/Source/FreeRTOS-Plus-TCP/source/portable/NetworkInterface/MPS2_AN385/ether_lan9118 -I/home/space/FreeRTOS/FreeRTOS-Plus/Source/FreeRTOS-Plus-TCP/source/portable/Compiler/GCC -DHEAP3 -c /home/space/FreeRTOS/FreeRTOS-Plus/Source/FreeRTOS-Plus-TCP/source/FreeRTOS_TCP_State_Handling_IPv4.c -o build//home/space/FreeRTOS/FreeRTOS-Plus/Source/FreeRTOS-Plus-TCP/source/FreeRTOS_TCP_State_Handling_IPv4.o
mkdir -p build//home/space/FreeRTOS/FreeRTOS-Plus/Source/FreeRTOS-Plus-TCP/source
arm-none-eabi-g++ -mthumb -mcpu=cortex-m3 -Os -ffunction-sections -fdata-sections -MMD -Wall -Wextra -Wshadow -fpermissive -I. -ICMSIS -I/home/space/FreeRTOS/FreeRTOS/Source/include -I/home/space/FreeRTOS/FreeRTOS/Source/portable/GCC/ARM_CM3 -I/home/space/FreeRTOS/FreeRTOS-Plus/Source/FreeRTOS-Plus-TCP/source/include/ -I/home/space/FreeRTOS/FreeRTOS-Plus/Demo/FreeRTOS_Plus_TCP_Echo_Qemu_mps2/evpp/ -I/home/space/FreeRTOS/FreeRTOS-Plus/Source/FreeRTOS-Plus-TCP/source/portable/NetworkInterface/MPS2_AN385/ether_lan9118 -I/home/space/FreeRTOS/FreeRTOS-Plus/Source/FreeRTOS-Plus-TCP/source/portable/Compiler/GCC -DHEAP3 -c /home/space/FreeRTOS/FreeRTOS-Plus/Source/FreeRTOS-Plus-TCP/source/FreeRTOS_TCP_State_Handling_IPv6.c -o build//home/space/FreeRTOS/FreeRTOS-Plus/Source/FreeRTOS-Plus-TCP/source/FreeRTOS_TCP_State_Handling_IPv6.o
mkdir -p build//home/space/FreeRTOS/FreeRTOS-Plus/Source/FreeRTOS-Plus-TCP/source
arm-none-eabi-g++ -mthumb -mcpu=cortex-m3 -Os -ffunction-sections -fdata-sections -MMD -Wall -Wextra -Wshadow -fpermissive -I. -ICMSIS -I/home/space/FreeRTOS/FreeRTOS/Source/include -I/home/space/FreeRTOS/FreeRTOS/Source/portable/GCC/ARM_CM3 -I/home/space/FreeRTOS/FreeRTOS-Plus/Source/FreeRTOS-Plus-TCP/source/include/ -I/home/space/FreeRTOS/FreeRTOS-Plus/Demo/FreeRTOS_Plus_TCP_Echo_Qemu_mps2/evpp/ -I/home/space/FreeRTOS/FreeRTOS-Plus/Source/FreeRTOS-Plus-TCP/source/portable/NetworkInterface/MPS2_AN385/ether_lan9118 -I/home/space/FreeRTOS/FreeRTOS-Plus/Source/FreeRTOS-Plus-TCP/source/portable/Compiler/GCC -DHEAP3 -c /home/space/FreeRTOS/FreeRTOS-Plus/Source/FreeRTOS-Plus-TCP/source/FreeRTOS_TCP_Transmission.c -o build//home/space/FreeRTOS/FreeRTOS-Plus/Source/FreeRTOS-Plus-TCP/source/FreeRTOS_TCP_Transmission.o
mkdir -p build//home/space/FreeRTOS/FreeRTOS-Plus/Source/FreeRTOS-Plus-TCP/source
arm-none-eabi-g++ -mthumb -mcpu=cortex-m3 -Os -ffunction-sections -fdata-sections -MMD -Wall -Wextra -Wshadow -fpermissive -I. -ICMSIS -I/home/space/FreeRTOS/FreeRTOS/Source/include -I/home/space/FreeRTOS/FreeRTOS/Source/portable/GCC/ARM_CM3 -I/home/space/FreeRTOS/FreeRTOS-Plus/Source/FreeRTOS-Plus-TCP/source/include/ -I/home/space/FreeRTOS/FreeRTOS-Plus/Demo/FreeRTOS_Plus_TCP_Echo_Qemu_mps2/evpp/ -I/home/space/FreeRTOS/FreeRTOS-Plus/Source/FreeRTOS-Plus-TCP/source/portable/NetworkInterface/MPS2_AN385/ether_lan9118 -I/home/space/FreeRTOS/FreeRTOS-Plus/Source/FreeRTOS-Plus-TCP/source/portable/Compiler/GCC -DHEAP3 -c /home/space/FreeRTOS/FreeRTOS-Plus/Source/FreeRTOS-Plus-TCP/source/FreeRTOS_TCP_Transmission_IPv4.c -o build//home/space/FreeRTOS/FreeRTOS-Plus/Source/FreeRTOS-Plus-TCP/source/FreeRTOS_TCP_Transmission_IPv4.o
mkdir -p build//home/space/FreeRTOS/FreeRTOS-Plus/Source/FreeRTOS-Plus-TCP/source
arm-none-eabi-g++ -mthumb -mcpu=cortex-m3 -Os -ffunction-sections -fdata-sections -MMD -Wall -Wextra -Wshadow -fpermissive -I. -ICMSIS -I/home/space/FreeRTOS/FreeRTOS/Source/include -I/home/space/FreeRTOS/FreeRTOS/Source/portable/GCC/ARM_CM3 -I/home/space/FreeRTOS/FreeRTOS-Plus/Source/FreeRTOS-Plus-TCP/source/include/ -I/home/space/FreeRTOS/FreeRTOS-Plus/Demo/FreeRTOS_Plus_TCP_Echo_Qemu_mps2/evpp/ -I/home/space/FreeRTOS/FreeRTOS-Plus/Source/FreeRTOS-Plus-TCP/source/portable/NetworkInterface/MPS2_AN385/ether_lan9118 -I/home/space/FreeRTOS/FreeRTOS-Plus/Source/FreeRTOS-Plus-TCP/source/portable/Compiler/GCC -DHEAP3 -c /home/space/FreeRTOS/FreeRTOS-Plus/Source/FreeRTOS-Plus-TCP/source/FreeRTOS_TCP_Transmission_IPv6.c -o build//home/space/FreeRTOS/FreeRTOS-Plus/Source/FreeRTOS-Plus-TCP/source/FreeRTOS_TCP_Transmission_IPv6.o
mkdir -p build//home/space/FreeRTOS/FreeRTOS-Plus/Source/FreeRTOS-Plus-TCP/source
arm-none-eabi-g++ -mthumb -mcpu=cortex-m3 -Os -ffunction-sections -fdata-sections -MMD -Wall -Wextra -Wshadow -fpermissive -I. -ICMSIS -I/home/space/FreeRTOS/FreeRTOS/Source/include -I/home/space/FreeRTOS/FreeRTOS/Source/portable/GCC/ARM_CM3 -I/home/space/FreeRTOS/FreeRTOS-Plus/Source/FreeRTOS-Plus-TCP/source/include/ -I/home/space/FreeRTOS/FreeRTOS-Plus/Demo/FreeRTOS_Plus_TCP_Echo_Qemu_mps2/evpp/ -I/home/space/FreeRTOS/FreeRTOS-Plus/Source/FreeRTOS-Plus-TCP/source/portable/NetworkInterface/MPS2_AN385/ether_lan9118 -I/home/space/FreeRTOS/FreeRTOS-Plus/Source/FreeRTOS-Plus-TCP/source/portable/Compiler/GCC -DHEAP3 -c /home/space/FreeRTOS/FreeRTOS-Plus/Source/FreeRTOS-Plus-TCP/source/FreeRTOS_TCP_Utils.c -o build//home/space/FreeRTOS/FreeRTOS-Plus/Source/FreeRTOS-Plus-TCP/source/FreeRTOS_TCP_Utils.o
mkdir -p build//home/space/FreeRTOS/FreeRTOS-Plus/Source/FreeRTOS-Plus-TCP/source
arm-none-eabi-g++ -mthumb -mcpu=cortex-m3 -Os -ffunction-sections -fdata-sections -MMD -Wall -Wextra -Wshadow -fpermissive -I. -ICMSIS -I/home/space/FreeRTOS/FreeRTOS/Source/include -I/home/space/FreeRTOS/FreeRTOS/Source/portable/GCC/ARM_CM3 -I/home/space/FreeRTOS/FreeRTOS-Plus/Source/FreeRTOS-Plus-TCP/source/include/ -I/home/space/FreeRTOS/FreeRTOS-Plus/Demo/FreeRTOS_Plus_TCP_Echo_Qemu_mps2/evpp/ -I/home/space/FreeRTOS/FreeRTOS-Plus/Source/FreeRTOS-Plus-TCP/source/portable/NetworkInterface/MPS2_AN385/ether_lan9118 -I/home/space/FreeRTOS/FreeRTOS-Plus/Source/FreeRTOS-Plus-TCP/source/portable/Compiler/GCC -DHEAP3 -c /home/space/FreeRTOS/FreeRTOS-Plus/Source/FreeRTOS-Plus-TCP/source/FreeRTOS_TCP_Utils_IPv4.c -o build//home/space/FreeRTOS/FreeRTOS-Plus/Source/FreeRTOS-Plus-TCP/source/FreeRTOS_TCP_Utils_IPv4.o
mkdir -p build//home/space/FreeRTOS/FreeRTOS-Plus/Source/FreeRTOS-Plus-TCP/source
arm-none-eabi-g++ -mthumb -mcpu=cortex-m3 -Os -ffunction-sections -fdata-sections -MMD -Wall -Wextra -Wshadow -fpermissive -I. -ICMSIS -I/home/space/FreeRTOS/FreeRTOS/Source/include -I/home/space/FreeRTOS/FreeRTOS/Source/portable/GCC/ARM_CM3 -I/home/space/FreeRTOS/FreeRTOS-Plus/Source/FreeRTOS-Plus-TCP/source/include/ -I/home/space/FreeRTOS/FreeRTOS-Plus/Demo/FreeRTOS_Plus_TCP_Echo_Qemu_mps2/evpp/ -I/home/space/FreeRTOS/FreeRTOS-Plus/Source/FreeRTOS-Plus-TCP/source/portable/NetworkInterface/MPS2_AN385/ether_lan9118 -I/home/space/FreeRTOS/FreeRTOS-Plus/Source/FreeRTOS-Plus-TCP/source/portable/Compiler/GCC -DHEAP3 -c /home/space/FreeRTOS/FreeRTOS-Plus/Source/FreeRTOS-Plus-TCP/source/FreeRTOS_TCP_Utils_IPv6.c -o build//home/space/FreeRTOS/FreeRTOS-Plus/Source/FreeRTOS-Plus-TCP/source/FreeRTOS_TCP_Utils_IPv6.o
mkdir -p build//home/space/FreeRTOS/FreeRTOS-Plus/Source/FreeRTOS-Plus-TCP/source
arm-none-eabi-g++ -mthumb -mcpu=cortex-m3 -Os -ffunction-sections -fdata-sections -MMD -Wall -Wextra -Wshadow -fpermissive -I. -ICMSIS -I/home/space/FreeRTOS/FreeRTOS/Source/include -I/home/space/FreeRTOS/FreeRTOS/Source/portable/GCC/ARM_CM3 -I/home/space/FreeRTOS/FreeRTOS-Plus/Source/FreeRTOS-Plus-TCP/source/include/ -I/home/space/FreeRTOS/FreeRTOS-Plus/Demo/FreeRTOS_Plus_TCP_Echo_Qemu_mps2/evpp/ -I/home/space/FreeRTOS/FreeRTOS-Plus/Source/FreeRTOS-Plus-TCP/source/portable/NetworkInterface/MPS2_AN385/ether_lan9118 -I/home/space/FreeRTOS/FreeRTOS-Plus/Source/FreeRTOS-Plus-TCP/source/portable/Compiler/GCC -DHEAP3 -c /home/space/FreeRTOS/FreeRTOS-Plus/Source/FreeRTOS-Plus-TCP/source/FreeRTOS_TCP_WIN.c -o build//home/space/FreeRTOS/FreeRTOS-Plus/Source/FreeRTOS-Plus-TCP/source/FreeRTOS_TCP_WIN.o
mkdir -p build//home/space/FreeRTOS/FreeRTOS-Plus/Source/FreeRTOS-Plus-TCP/source
arm-none-eabi-g++ -mthumb -mcpu=cortex-m3 -Os -ffunction-sections -fdata-sections -MMD -Wall -Wextra -Wshadow -fpermissive -I. -ICMSIS -I/home/space/FreeRTOS/FreeRTOS/Source/include -I/home/space/FreeRTOS/FreeRTOS/Source/portable/GCC/ARM_CM3 -I/home/space/FreeRTOS/FreeRTOS-Plus/Source/FreeRTOS-Plus-TCP/source/include/ -I/home/space/FreeRTOS/FreeRTOS-Plus/Demo/FreeRTOS_Plus_TCP_Echo_Qemu_mps2/evpp/ -I/home/space/FreeRTOS/FreeRTOS-Plus/Source/FreeRTOS-Plus-TCP/source/portable/NetworkInterface/MPS2_AN385/ether_lan9118 -I/home/space/FreeRTOS/FreeRTOS-Plus/Source/FreeRTOS-Plus-TCP/source/portable/Compiler/GCC -DHEAP3 -c /home/space/FreeRTOS/FreeRTOS-Plus/Source/FreeRTOS-Plus-TCP/source/FreeRTOS_Tiny_TCP.c -o build//home/space/FreeRTOS/FreeRTOS-Plus/Source/FreeRTOS-Plus-TCP/source/FreeRTOS_Tiny_TCP.o
mkdir -p build//home/space/FreeRTOS/FreeRTOS-Plus/Source/FreeRTOS-Plus-TCP/source
arm-none-eabi-g++ -mthumb -mcpu=cortex-m3 -Os -ffunction-sections -fdata-sections -MMD -Wall -Wextra -Wshadow -fpermissive -I. -ICMSIS -I/home/space/FreeRTOS/FreeRTOS/Source/include -I/home/space/FreeRTOS/FreeRTOS/Source/portable/GCC/ARM_CM3 -I/home/space/FreeRTOS/FreeRTOS-Plus/Source/FreeRTOS-Plus-TCP/source/include/ -I/home/space/FreeRTOS/FreeRTOS-Plus/Demo/FreeRTOS_Plus_TCP_Echo_Qemu_mps2/evpp/ -I/home/space/FreeRTOS/FreeRTOS-Plus/Source/FreeRTOS-Plus-TCP/source/portable/NetworkInterface/MPS2_AN385/ether_lan9118 -I/home/space/FreeRTOS/FreeRTOS-Plus/Source/FreeRTOS-Plus-TCP/source/portable/Compiler/GCC -DHEAP3 -c /home/space/FreeRTOS/FreeRTOS-Plus/Source/FreeRTOS-Plus-TCP/source/FreeRTOS_UDP_IP.c -o build//home/space/FreeRTOS/FreeRTOS-Plus/Source/FreeRTOS-Plus-TCP/source/FreeRTOS_UDP_IP.o
mkdir -p build//home/space/FreeRTOS/FreeRTOS-Plus/Source/FreeRTOS-Plus-TCP/source
arm-none-eabi-g++ -mthumb -mcpu=cortex-m3 -Os -ffunction-sections -fdata-sections -MMD -Wall -Wextra -Wshadow -fpermissive -I. -ICMSIS -I/home/space/FreeRTOS/FreeRTOS/Source/include -I/home/space/FreeRTOS/FreeRTOS/Source/portable/GCC/ARM_CM3 -I/home/space/FreeRTOS/FreeRTOS-Plus/Source/FreeRTOS-Plus-TCP/source/include/ -I/home/space/FreeRTOS/FreeRTOS-Plus/Demo/FreeRTOS_Plus_TCP_Echo_Qemu_mps2/evpp/ -I/home/space/FreeRTOS/FreeRTOS-Plus/Source/FreeRTOS-Plus-TCP/source/portable/NetworkInterface/MPS2_AN385/ether_lan9118 -I/home/space/FreeRTOS/FreeRTOS-Plus/Source/FreeRTOS-Plus-TCP/source/portable/Compiler/GCC -DHEAP3 -c /home/space/FreeRTOS/FreeRTOS-Plus/Source/FreeRTOS-Plus-TCP/source/FreeRTOS_UDP_IPv4.c -o build//home/space/FreeRTOS/FreeRTOS-Plus/Source/FreeRTOS-Plus-TCP/source/FreeRTOS_UDP_IPv4.o
mkdir -p build//home/space/FreeRTOS/FreeRTOS-Plus/Source/FreeRTOS-Plus-TCP/source
arm-none-eabi-g++ -mthumb -mcpu=cortex-m3 -Os -ffunction-sections -fdata-sections -MMD -Wall -Wextra -Wshadow -fpermissive -I. -ICMSIS -I/home/space/FreeRTOS/FreeRTOS/Source/include -I/home/space/FreeRTOS/FreeRTOS/Source/portable/GCC/ARM_CM3 -I/home/space/FreeRTOS/FreeRTOS-Plus/Source/FreeRTOS-Plus-TCP/source/include/ -I/home/space/FreeRTOS/FreeRTOS-Plus/Demo/FreeRTOS_Plus_TCP_Echo_Qemu_mps2/evpp/ -I/home/space/FreeRTOS/FreeRTOS-Plus/Source/FreeRTOS-Plus-TCP/source/portable/NetworkInterface/MPS2_AN385/ether_lan9118 -I/home/space/FreeRTOS/FreeRTOS-Plus/Source/FreeRTOS-Plus-TCP/source/portable/Compiler/GCC -DHEAP3 -c /home/space/FreeRTOS/FreeRTOS-Plus/Source/FreeRTOS-Plus-TCP/source/FreeRTOS_UDP_IPv6.c -o build//home/space/FreeRTOS/FreeRTOS-Plus/Source/FreeRTOS-Plus-TCP/source/FreeRTOS_UDP_IPv6.o
mkdir -p build//home/space/FreeRTOS/FreeRTOS-Plus/Source/FreeRTOS-Plus-TCP/source/portable/BufferManagement
arm-none-eabi-g++ -mthumb -mcpu=cortex-m3 -Os -ffunction-sections -fdata-sections -MMD -Wall -Wextra -Wshadow -fpermissive -I. -ICMSIS -I/home/space/FreeRTOS/FreeRTOS/Source/include -I/home/space/FreeRTOS/FreeRTOS/Source/portable/GCC/ARM_CM3 -I/home/space/FreeRTOS/FreeRTOS-Plus/Source/FreeRTOS-Plus-TCP/source/include/ -I/home/space/FreeRTOS/FreeRTOS-Plus/Demo/FreeRTOS_Plus_TCP_Echo_Qemu_mps2/evpp/ -I/home/space/FreeRTOS/FreeRTOS-Plus/Source/FreeRTOS-Plus-TCP/source/portable/NetworkInterface/MPS2_AN385/ether_lan9118 -I/home/space/FreeRTOS/FreeRTOS-Plus/Source/FreeRTOS-Plus-TCP/source/portable/Compiler/GCC -DHEAP3 -c /home/space/FreeRTOS/FreeRTOS-Plus/Source/FreeRTOS-Plus-TCP/source/portable/BufferManagement/BufferAllocation_2.c -o build//home/space/FreeRTOS/FreeRTOS-Plus/Source/FreeRTOS-Plus-TCP/source/portable/BufferManagement/BufferAllocation_2.o
mkdir -p build//home/space/FreeRTOS/FreeRTOS-Plus/Source/FreeRTOS-Plus-TCP/source/portable/NetworkInterface/MPS2_AN385
arm-none-eabi-g++ -mthumb -mcpu=cortex-m3 -Os -ffunction-sections -fdata-sections -MMD -Wall -Wextra -Wshadow -fpermissive -I. -ICMSIS -I/home/space/FreeRTOS/FreeRTOS/Source/include -I/home/space/FreeRTOS/FreeRTOS/Source/portable/GCC/ARM_CM3 -I/home/space/FreeRTOS/FreeRTOS-Plus/Source/FreeRTOS-Plus-TCP/source/include/ -I/home/space/FreeRTOS/FreeRTOS-Plus/Demo/FreeRTOS_Plus_TCP_Echo_Qemu_mps2/evpp/ -I/home/space/FreeRTOS/FreeRTOS-Plus/Source/FreeRTOS-Plus-TCP/source/portable/NetworkInterface/MPS2_AN385/ether_lan9118 -I/home/space/FreeRTOS/FreeRTOS-Plus/Source/FreeRTOS-Plus-TCP/source/portable/Compiler/GCC -DHEAP3 -c /home/space/FreeRTOS/FreeRTOS-Plus/Source/FreeRTOS-Plus-TCP/source/portable/NetworkInterface/MPS2_AN385/NetworkInterface.c -o build//home/space/FreeRTOS/FreeRTOS-Plus/Source/FreeRTOS-Plus-TCP/source/portable/NetworkInterface/MPS2_AN385/NetworkInterface.o
/home/space/FreeRTOS/FreeRTOS-Plus/Source/FreeRTOS-Plus-TCP/source/portable/NetworkInterface/MPS2_AN385/NetworkInterface.c:109:1: warning: missing initializer for member 'smsc9220_eth_dev_data_t::wait_ms' [-Wmissing-field-initializers]
  109 | };
      | ^
/home/space/FreeRTOS/FreeRTOS-Plus/Source/FreeRTOS-Plus-TCP/source/portable/NetworkInterface/MPS2_AN385/NetworkInterface.c:109:1: warning: missing initializer for member 'smsc9220_eth_dev_data_t::ongoing_packet_length' [-Wmissing-field-initializers]
/home/space/FreeRTOS/FreeRTOS-Plus/Source/FreeRTOS-Plus-TCP/source/portable/NetworkInterface/MPS2_AN385/NetworkInterface.c:109:1: warning: missing initializer for member 'smsc9220_eth_dev_data_t::ongoing_packet_length_sent' [-Wmissing-field-initializers]
/home/space/FreeRTOS/FreeRTOS-Plus/Source/FreeRTOS-Plus-TCP/source/portable/NetworkInterface/MPS2_AN385/NetworkInterface.c:109:1: warning: missing initializer for member 'smsc9220_eth_dev_data_t::current_rx_size_words' [-Wmissing-field-initializers]
mkdir -p build//home/space/FreeRTOS/FreeRTOS-Plus/Source/FreeRTOS-Plus-TCP/source/portable/NetworkInterface/MPS2_AN385/ether_lan9118
arm-none-eabi-g++ -mthumb -mcpu=cortex-m3 -Os -ffunction-sections -fdata-sections -MMD -Wall -Wextra -Wshadow -fpermissive -I. -ICMSIS -I/home/space/FreeRTOS/FreeRTOS/Source/include -I/home/space/FreeRTOS/FreeRTOS/Source/portable/GCC/ARM_CM3 -I/home/space/FreeRTOS/FreeRTOS-Plus/Source/FreeRTOS-Plus-TCP/source/include/ -I/home/space/FreeRTOS/FreeRTOS-Plus/Demo/FreeRTOS_Plus_TCP_Echo_Qemu_mps2/evpp/ -I/home/space/FreeRTOS/FreeRTOS-Plus/Source/FreeRTOS-Plus-TCP/source/portable/NetworkInterface/MPS2_AN385/ether_lan9118 -I/home/space/FreeRTOS/FreeRTOS-Plus/Source/FreeRTOS-Plus-TCP/source/portable/Compiler/GCC -DHEAP3 -c /home/space/FreeRTOS/FreeRTOS-Plus/Source/FreeRTOS-Plus-TCP/source/portable/NetworkInterface/MPS2_AN385/ether_lan9118/smsc9220_eth_drv.c -o build//home/space/FreeRTOS/FreeRTOS-Plus/Source/FreeRTOS-Plus-TCP/source/portable/NetworkInterface/MPS2_AN385/ether_lan9118/smsc9220_eth_drv.o
/home/space/FreeRTOS/FreeRTOS-Plus/Source/FreeRTOS-Plus-TCP/source/portable/NetworkInterface/MPS2_AN385/ether_lan9118/smsc9220_eth_drv.c: In function 'smsc9220_error_t smsc9220_init(const smsc9220_eth_dev_t*, void (*)(uint32_t))':
/home/space/FreeRTOS/FreeRTOS-Plus/Source/FreeRTOS-Plus-TCP/source/portable/NetworkInterface/MPS2_AN385/ether_lan9118/smsc9220_eth_drv.c:996:30: warning: invalid conversion from 'int' to 'smsc9220_error_t' [-fpermissive]
  996 |     error = smsc9220_check_id( dev );
      |             ~~~~~~~~~~~~~~~~~^~~~~~~
      |                              |
      |                              int
arm-none-eabi-g++ -mthumb -mcpu=cortex-m3 -Os -ffunction-sections -fdata-sections -MMD -Wall -Wextra -Wshadow -fpermissive -I. -ICMSIS -I/home/space/FreeRTOS/FreeRTOS/Source/include -I/home/space/FreeRTOS/FreeRTOS/Source/portable/GCC/ARM_CM3 -I/home/space/FreeRTOS/FreeRTOS-Plus/Source/FreeRTOS-Plus-TCP/source/include/ -I/home/space/FreeRTOS/FreeRTOS-Plus/Demo/FreeRTOS_Plus_TCP_Echo_Qemu_mps2/evpp/ -I/home/space/FreeRTOS/FreeRTOS-Plus/Source/FreeRTOS-Plus-TCP/source/portable/NetworkInterface/MPS2_AN385/ether_lan9118 -I/home/space/FreeRTOS/FreeRTOS-Plus/Source/FreeRTOS-Plus-TCP/source/portable/Compiler/GCC -T mps2_m3.ld -Xlinker -Map=build/output.map -Xlinker --gc-sections -nostartfiles -specs=nano.specs -specs=nosys.specs -specs=rdimon.specs -lsupc++ build/startup.o build/syscalls.o build/main.o build/main_networking.o build//home/space/FreeRTOS/FreeRTOS/Source/tasks.o build//home/space/FreeRTOS/FreeRTOS/Source/list.o build//home/space/FreeRTOS/FreeRTOS/Source/queue.o build//home/space/FreeRTOS/FreeRTOS/Source/event_groups.o build//home/space/FreeRTOS/FreeRTOS/Source/portable/GCC/ARM_CM3/port.o build//home/space/FreeRTOS/FreeRTOS/Source/portable/MemMang/heap_3.o build//home/space/FreeRTOS/FreeRTOS-Plus/Source/FreeRTOS-Plus-TCP/source/FreeRTOS_ARP.o build//home/space/FreeRTOS/FreeRTOS-Plus/Source/FreeRTOS-Plus-TCP/source/FreeRTOS_BitConfig.o build//home/space/FreeRTOS/FreeRTOS-Plus/Source/FreeRTOS-Plus-TCP/source/FreeRTOS_DHCP.o build//home/space/FreeRTOS/FreeRTOS-Plus/Source/FreeRTOS-Plus-TCP/source/FreeRTOS_DHCPv6.o build//home/space/FreeRTOS/FreeRTOS-Plus/Source/FreeRTOS-Plus-TCP/source/FreeRTOS_DNS.o build//home/space/FreeRTOS/FreeRTOS-Plus/Source/FreeRTOS-Plus-TCP/source/FreeRTOS_DNS_Cache.o build//home/space/FreeRTOS/FreeRTOS-Plus/Source/FreeRTOS-Plus-TCP/source/FreeRTOS_DNS_Callback.o build//home/space/FreeRTOS/FreeRTOS-Plus/Source/FreeRTOS-Plus-TCP/source/FreeRTOS_DNS_Networking.o build//home/space/FreeRTOS/FreeRTOS-Plus/Source/FreeRTOS-Plus-TCP/source/FreeRTOS_DNS_Parser.o build//home/space/FreeRTOS/FreeRTOS-Plus/Source/FreeRTOS-Plus-TCP/source/FreeRTOS_ICMP.o build//home/space/FreeRTOS/FreeRTOS-Plus/Source/FreeRTOS-Plus-TCP/source/FreeRTOS_IP.o build//home/space/FreeRTOS/FreeRTOS-Plus/Source/FreeRTOS-Plus-TCP/source/FreeRTOS_IP_Timers.o build//home/space/FreeRTOS/FreeRTOS-Plus/Source/FreeRTOS-Plus-TCP/source/FreeRTOS_IP_Utils.o build//home/space/FreeRTOS/FreeRTOS-Plus/Source/FreeRTOS-Plus-TCP/source/FreeRTOS_IPv4.o build//home/space/FreeRTOS/FreeRTOS-Plus/Source/FreeRTOS-Plus-TCP/source/FreeRTOS_IPv4_Sockets.o build//home/space/FreeRTOS/FreeRTOS-Plus/Source/FreeRTOS-Plus-TCP/source/FreeRTOS_IPv4_Utils.o build//home/space/FreeRTOS/FreeRTOS-Plus/Source/FreeRTOS-Plus-TCP/source/FreeRTOS_IPv6.o build//home/space/FreeRTOS/FreeRTOS-Plus/Source/FreeRTOS-Plus-TCP/source/FreeRTOS_IPv6_Sockets.o build//home/space/FreeRTOS/FreeRTOS-Plus/Source/FreeRTOS-Plus-TCP/source/FreeRTOS_IPv6_Utils.o build//home/space/FreeRTOS/FreeRTOS-Plus/Source/FreeRTOS-Plus-TCP/source/FreeRTOS_ND.o build//home/space/FreeRTOS/FreeRTOS-Plus/Source/FreeRTOS-Plus-TCP/source/FreeRTOS_RA.o build//home/space/FreeRTOS/FreeRTOS-Plus/Source/FreeRTOS-Plus-TCP/source/FreeRTOS_Routing.o build//home/space/FreeRTOS/FreeRTOS-Plus/Source/FreeRTOS-Plus-TCP/source/FreeRTOS_Sockets.o build//home/space/FreeRTOS/FreeRTOS-Plus/Source/FreeRTOS-Plus-TCP/source/FreeRTOS_Stream_Buffer.o build//home/space/FreeRTOS/FreeRTOS-Plus/Source/FreeRTOS-Plus-TCP/source/FreeRTOS_TCP_IP.o build//home/space/FreeRTOS/FreeRTOS-Plus/Source/FreeRTOS-Plus-TCP/source/FreeRTOS_TCP_IP_IPv4.o build//home/space/FreeRTOS/FreeRTOS-Plus/Source/FreeRTOS-Plus-TCP/source/FreeRTOS_TCP_IP_IPv6.o build//home/space/FreeRTOS/FreeRTOS-Plus/Source/FreeRTOS-Plus-TCP/source/FreeRTOS_TCP_Reception.o build//home/space/FreeRTOS/FreeRTOS-Plus/Source/FreeRTOS-Plus-TCP/source/FreeRTOS_TCP_State_Handling.o build//home/space/FreeRTOS/FreeRTOS-Plus/Source/FreeRTOS-Plus-TCP/source/FreeRTOS_TCP_State_Handling_IPv4.o build//home/space/FreeRTOS/FreeRTOS-Plus/Source/FreeRTOS-Plus-TCP/source/FreeRTOS_TCP_State_Handling_IPv6.o build//home/space/FreeRTOS/FreeRTOS-Plus/Source/FreeRTOS-Plus-TCP/source/FreeRTOS_TCP_Transmission.o build//home/space/FreeRTOS/FreeRTOS-Plus/Source/FreeRTOS-Plus-TCP/source/FreeRTOS_TCP_Transmission_IPv4.o build//home/space/FreeRTOS/FreeRTOS-Plus/Source/FreeRTOS-Plus-TCP/source/FreeRTOS_TCP_Transmission_IPv6.o build//home/space/FreeRTOS/FreeRTOS-Plus/Source/FreeRTOS-Plus-TCP/source/FreeRTOS_TCP_Utils.o build//home/space/FreeRTOS/FreeRTOS-Plus/Source/FreeRTOS-Plus-TCP/source/FreeRTOS_TCP_Utils_IPv4.o build//home/space/FreeRTOS/FreeRTOS-Plus/Source/FreeRTOS-Plus-TCP/source/FreeRTOS_TCP_Utils_IPv6.o build//home/space/FreeRTOS/FreeRTOS-Plus/Source/FreeRTOS-Plus-TCP/source/FreeRTOS_TCP_WIN.o build//home/space/FreeRTOS/FreeRTOS-Plus/Source/FreeRTOS-Plus-TCP/source/FreeRTOS_Tiny_TCP.o build//home/space/FreeRTOS/FreeRTOS-Plus/Source/FreeRTOS-Plus-TCP/source/FreeRTOS_UDP_IP.o build//home/space/FreeRTOS/FreeRTOS-Plus/Source/FreeRTOS-Plus-TCP/source/FreeRTOS_UDP_IPv4.o build//home/space/FreeRTOS/FreeRTOS-Plus/Source/FreeRTOS-Plus-TCP/source/FreeRTOS_UDP_IPv6.o build//home/space/FreeRTOS/FreeRTOS-Plus/Source/FreeRTOS-Plus-TCP/source/portable/BufferManagement/BufferAllocation_2.o build//home/space/FreeRTOS/FreeRTOS-Plus/Source/FreeRTOS-Plus-TCP/source/portable/NetworkInterface/MPS2_AN385/NetworkInterface.o build//home/space/FreeRTOS/FreeRTOS-Plus/Source/FreeRTOS-Plus-TCP/source/portable/NetworkInterface/MPS2_AN385/ether_lan9118/smsc9220_eth_drv.o -o build/freertos_tcp_mps2_demo.axf
/usr/lib/gcc/arm-none-eabi/13.2.1/../../../arm-none-eabi/bin/ld: warning: cannot find entry symbol Reset_Handler; defaulting to 00000000
arm-none-eabi-size build/freertos_tcp_mps2_demo.axf
   text	   data	    bss	    dec	    hex	filename
     44	      0	 278784	 278828	  4412c	build/freertos_tcp_mps2_demo.axf
